2020-03-15 10:41:03.321  INFO 17352 --- [main] com.example.demo.DemoApplication         : Starting DemoApplication on XCAUA48Y4677PZT with PID 17352 (C:\Users\Administrator\IdeaProjects\demo\target\classes started by Administrator in C:\Users\Administrator\IdeaProjects\demo)
2020-03-15 10:41:03.339 DEBUG 17352 --- [main] com.example.demo.DemoApplication         : Running with Spring Boot v2.2.5.RELEASE, Spring v5.2.4.RELEASE
2020-03-15 10:41:03.340  INFO 17352 --- [main] com.example.demo.DemoApplication         : No active profile set, falling back to default profiles: default
2020-03-15 10:41:04.670  INFO 17352 --- [main] o.s.b.w.embedded.tomcat.TomcatWebServer  : Tomcat initialized with port(s): 8080 (http)
2020-03-15 10:41:04.680  INFO 17352 --- [main] o.apache.catalina.core.StandardService   : Starting service [Tomcat]
2020-03-15 10:41:04.682  INFO 17352 --- [main] org.apache.catalina.core.StandardEngine  : Starting Servlet engine: [Apache Tomcat/9.0.31]
2020-03-15 10:41:04.684  INFO 17352 --- [main] o.a.catalina.core.AprLifecycleListener   : Loaded APR based Apache Tomcat Native library [1.2.23] using APR version [1.7.0].
2020-03-15 10:41:04.684  INFO 17352 --- [main] o.a.catalina.core.AprLifecycleListener   : APR capabilities: IPv6 [true], sendfile [true], accept filters [false], random [true].
2020-03-15 10:41:04.684  INFO 17352 --- [main] o.a.catalina.core.AprLifecycleListener   : APR/OpenSSL configuration: useAprConnector [false], useOpenSSL [true]
2020-03-15 10:41:04.688  INFO 17352 --- [main] o.a.catalina.core.AprLifecycleListener   : OpenSSL successfully initialized [OpenSSL 1.1.1c  28 May 2019]
2020-03-15 10:41:04.822  INFO 17352 --- [main] o.a.c.c.C.[Tomcat].[localhost].[/test]   : Initializing Spring embedded WebApplicationContext
2020-03-15 10:41:04.823  INFO 17352 --- [main] o.s.web.context.ContextLoader            : Root WebApplicationContext: initialization completed in 1360 ms
2020-03-15 10:41:05.038  INFO 17352 --- [main] o.s.s.concurrent.ThreadPoolTaskExecutor  : Initializing ExecutorService 'applicationTaskExecutor'
2020-03-15 10:41:05.128  INFO 17352 --- [main] o.s.b.a.w.s.WelcomePageHandlerMapping    : Adding welcome page template: index
2020-03-15 10:41:05.267  INFO 17352 --- [main] o.s.b.w.embedded.tomcat.TomcatWebServer  : Tomcat started on port(s): 8080 (http) with context path '/test'
2020-03-15 10:41:05.271  INFO 17352 --- [main] com.example.demo.DemoApplication         : Started DemoApplication in 2.899 seconds (JVM running for 5.019)
2020-03-15 10:41:18.702  INFO 17352 --- [http-nio-8080-exec-4] o.a.c.c.C.[Tomcat].[localhost].[/test]   : Initializing Spring DispatcherServlet 'dispatcherServlet'
2020-03-15 10:41:18.703  INFO 17352 --- [http-nio-8080-exec-4] o.s.web.servlet.DispatcherServlet        : Initializing Servlet 'dispatcherServlet'
2020-03-15 10:41:18.733  INFO 17352 --- [http-nio-8080-exec-4] o.s.web.servlet.DispatcherServlet        : Completed initialization in 29 ms
2020-03-15 10:44:26.396  INFO 18896 --- [main] com.example.demo.DemoApplication         : Starting DemoApplication on XCAUA48Y4677PZT with PID 18896 (C:\Users\Administrator\IdeaProjects\demo\target\classes started by Administrator in C:\Users\Administrator\IdeaProjects\demo)
2020-03-15 10:44:26.399 DEBUG 18896 --- [main] com.example.demo.DemoApplication         : Running with Spring Boot v2.2.5.RELEASE, Spring v5.2.4.RELEASE
2020-03-15 10:44:26.400  INFO 18896 --- [main] com.example.demo.DemoApplication         : No active profile set, falling back to default profiles: default
2020-03-15 10:44:27.861  INFO 18896 --- [main] o.s.b.w.embedded.tomcat.TomcatWebServer  : Tomcat initialized with port(s): 8080 (http)
2020-03-15 10:44:27.872  INFO 18896 --- [main] o.apache.catalina.core.StandardService   : Starting service [Tomcat]
2020-03-15 10:44:27.872  INFO 18896 --- [main] org.apache.catalina.core.StandardEngine  : Starting Servlet engine: [Apache Tomcat/9.0.31]
2020-03-15 10:44:27.873  INFO 18896 --- [main] o.a.catalina.core.AprLifecycleListener   : Loaded APR based Apache Tomcat Native library [1.2.23] using APR version [1.7.0].
2020-03-15 10:44:27.873  INFO 18896 --- [main] o.a.catalina.core.AprLifecycleListener   : APR capabilities: IPv6 [true], sendfile [true], accept filters [false], random [true].
2020-03-15 10:44:27.875  INFO 18896 --- [main] o.a.catalina.core.AprLifecycleListener   : APR/OpenSSL configuration: useAprConnector [false], useOpenSSL [true]
2020-03-15 10:44:27.879  INFO 18896 --- [main] o.a.catalina.core.AprLifecycleListener   : OpenSSL successfully initialized [OpenSSL 1.1.1c  28 May 2019]
2020-03-15 10:44:28.008  INFO 18896 --- [main] o.a.c.c.C.[Tomcat].[localhost].[/test]   : Initializing Spring embedded WebApplicationContext
2020-03-15 10:44:28.008  INFO 18896 --- [main] o.s.web.context.ContextLoader            : Root WebApplicationContext: initialization completed in 1472 ms
2020-03-15 10:44:28.222  INFO 18896 --- [main] o.s.s.concurrent.ThreadPoolTaskExecutor  : Initializing ExecutorService 'applicationTaskExecutor'
2020-03-15 10:44:28.283  INFO 18896 --- [main] o.s.b.a.w.s.WelcomePageHandlerMapping    : Adding welcome page template: index
2020-03-15 10:44:28.412  INFO 18896 --- [main] o.s.b.w.embedded.tomcat.TomcatWebServer  : Tomcat started on port(s): 8080 (http) with context path '/test'
2020-03-15 10:44:28.416  INFO 18896 --- [main] com.example.demo.DemoApplication         : Started DemoApplication in 2.714 seconds (JVM running for 4.555)
2020-03-15 10:44:56.931  INFO 18896 --- [http-nio-8080-exec-1] o.a.c.c.C.[Tomcat].[localhost].[/test]   : Initializing Spring DispatcherServlet 'dispatcherServlet'
2020-03-15 10:44:56.932  INFO 18896 --- [http-nio-8080-exec-1] o.s.web.servlet.DispatcherServlet        : Initializing Servlet 'dispatcherServlet'
2020-03-15 10:44:56.940  INFO 18896 --- [http-nio-8080-exec-1] o.s.web.servlet.DispatcherServlet        : Completed initialization in 7 ms
2020-03-15 10:46:52.157  INFO 18636 --- [main] com.example.demo.DemoApplication         : Starting DemoApplication on XCAUA48Y4677PZT with PID 18636 (C:\Users\Administrator\IdeaProjects\demo\target\classes started by Administrator in C:\Users\Administrator\IdeaProjects\demo)
2020-03-15 10:46:52.161 DEBUG 18636 --- [main] com.example.demo.DemoApplication         : Running with Spring Boot v2.2.5.RELEASE, Spring v5.2.4.RELEASE
2020-03-15 10:46:52.162  INFO 18636 --- [main] com.example.demo.DemoApplication         : No active profile set, falling back to default profiles: default
2020-03-15 10:46:54.045  INFO 18636 --- [main] o.s.b.w.embedded.tomcat.TomcatWebServer  : Tomcat initialized with port(s): 8080 (http)
2020-03-15 10:46:54.059  INFO 18636 --- [main] o.apache.catalina.core.StandardService   : Starting service [Tomcat]
2020-03-15 10:46:54.060  INFO 18636 --- [main] org.apache.catalina.core.StandardEngine  : Starting Servlet engine: [Apache Tomcat/9.0.31]
2020-03-15 10:46:54.062  INFO 18636 --- [main] o.a.catalina.core.AprLifecycleListener   : Loaded APR based Apache Tomcat Native library [1.2.23] using APR version [1.7.0].
2020-03-15 10:46:54.063  INFO 18636 --- [main] o.a.catalina.core.AprLifecycleListener   : APR capabilities: IPv6 [true], sendfile [true], accept filters [false], random [true].
2020-03-15 10:46:54.063  INFO 18636 --- [main] o.a.catalina.core.AprLifecycleListener   : APR/OpenSSL configuration: useAprConnector [false], useOpenSSL [true]
2020-03-15 10:46:54.066  INFO 18636 --- [main] o.a.catalina.core.AprLifecycleListener   : OpenSSL successfully initialized [OpenSSL 1.1.1c  28 May 2019]
2020-03-15 10:46:54.205  INFO 18636 --- [main] o.a.c.c.C.[Tomcat].[localhost].[/test]   : Initializing Spring embedded WebApplicationContext
2020-03-15 10:46:54.205  INFO 18636 --- [main] o.s.web.context.ContextLoader            : Root WebApplicationContext: initialization completed in 1914 ms
2020-03-15 10:46:54.432  INFO 18636 --- [main] o.s.s.concurrent.ThreadPoolTaskExecutor  : Initializing ExecutorService 'applicationTaskExecutor'
2020-03-15 10:46:54.495  INFO 18636 --- [main] o.s.b.a.w.s.WelcomePageHandlerMapping    : Adding welcome page template: index
2020-03-15 10:46:54.631  INFO 18636 --- [main] o.s.b.w.embedded.tomcat.TomcatWebServer  : Tomcat started on port(s): 8080 (http) with context path '/test'
2020-03-15 10:46:54.634  INFO 18636 --- [main] com.example.demo.DemoApplication         : Started DemoApplication in 3.148 seconds (JVM running for 4.591)
2020-03-15 10:47:01.039  INFO 18636 --- [http-nio-8080-exec-1] o.a.c.c.C.[Tomcat].[localhost].[/test]   : Initializing Spring DispatcherServlet 'dispatcherServlet'
2020-03-15 10:47:01.040  INFO 18636 --- [http-nio-8080-exec-1] o.s.web.servlet.DispatcherServlet        : Initializing Servlet 'dispatcherServlet'
2020-03-15 10:47:01.044  INFO 18636 --- [http-nio-8080-exec-1] o.s.web.servlet.DispatcherServlet        : Completed initialization in 4 ms
2020-03-15 10:48:43.085  INFO 7372 --- [main] com.example.demo.DemoApplication         : Starting DemoApplication on XCAUA48Y4677PZT with PID 7372 (C:\Users\Administrator\IdeaProjects\demo\target\classes started by Administrator in C:\Users\Administrator\IdeaProjects\demo)
2020-03-15 10:48:43.092 DEBUG 7372 --- [main] com.example.demo.DemoApplication         : Running with Spring Boot v2.2.5.RELEASE, Spring v5.2.4.RELEASE
2020-03-15 10:48:43.093  INFO 7372 --- [main] com.example.demo.DemoApplication         : No active profile set, falling back to default profiles: default
2020-03-15 10:48:45.079  INFO 7372 --- [main] o.s.b.w.embedded.tomcat.TomcatWebServer  : Tomcat initialized with port(s): 8080 (http)
2020-03-15 10:48:45.124  INFO 7372 --- [main] o.apache.catalina.core.StandardService   : Starting service [Tomcat]
2020-03-15 10:48:45.126  INFO 7372 --- [main] org.apache.catalina.core.StandardEngine  : Starting Servlet engine: [Apache Tomcat/9.0.31]
2020-03-15 10:48:45.141  INFO 7372 --- [main] o.a.catalina.core.AprLifecycleListener   : Loaded APR based Apache Tomcat Native library [1.2.23] using APR version [1.7.0].
2020-03-15 10:48:45.143  INFO 7372 --- [main] o.a.catalina.core.AprLifecycleListener   : APR capabilities: IPv6 [true], sendfile [true], accept filters [false], random [true].
2020-03-15 10:48:45.145  INFO 7372 --- [main] o.a.catalina.core.AprLifecycleListener   : APR/OpenSSL configuration: useAprConnector [false], useOpenSSL [true]
2020-03-15 10:48:45.154  INFO 7372 --- [main] o.a.catalina.core.AprLifecycleListener   : OpenSSL successfully initialized [OpenSSL 1.1.1c  28 May 2019]
2020-03-15 10:48:45.547  INFO 7372 --- [main] o.a.c.c.C.[Tomcat].[localhost].[/test]   : Initializing Spring embedded WebApplicationContext
2020-03-15 10:48:45.548  INFO 7372 --- [main] o.s.web.context.ContextLoader            : Root WebApplicationContext: initialization completed in 2363 ms
2020-03-15 10:48:45.879  INFO 7372 --- [main] o.s.s.concurrent.ThreadPoolTaskExecutor  : Initializing ExecutorService 'applicationTaskExecutor'
2020-03-15 10:48:45.965  INFO 7372 --- [main] o.s.b.a.w.s.WelcomePageHandlerMapping    : Adding welcome page template: index
2020-03-15 10:48:46.177  INFO 7372 --- [main] o.s.b.w.embedded.tomcat.TomcatWebServer  : Tomcat started on port(s): 8080 (http) with context path '/test'
2020-03-15 10:48:46.186  INFO 7372 --- [main] com.example.demo.DemoApplication         : Started DemoApplication in 4.029 seconds (JVM running for 6.018)
2020-03-15 10:53:14.131  INFO 7372 --- [http-nio-8080-exec-1] o.a.c.c.C.[Tomcat].[localhost].[/test]   : Initializing Spring DispatcherServlet 'dispatcherServlet'
2020-03-15 10:53:14.132  INFO 7372 --- [http-nio-8080-exec-1] o.s.web.servlet.DispatcherServlet        : Initializing Servlet 'dispatcherServlet'
2020-03-15 10:53:14.137  INFO 7372 --- [http-nio-8080-exec-1] o.s.web.servlet.DispatcherServlet        : Completed initialization in 5 ms
2020-03-15 11:00:02.661  INFO 6576 --- [main] com.example.demo.DemoApplication         : Starting DemoApplication on XCAUA48Y4677PZT with PID 6576 (C:\Users\Administrator\IdeaProjects\demo\target\classes started by Administrator in C:\Users\Administrator\IdeaProjects\demo)
2020-03-15 11:00:02.666 DEBUG 6576 --- [main] com.example.demo.DemoApplication         : Running with Spring Boot v2.2.5.RELEASE, Spring v5.2.4.RELEASE
2020-03-15 11:00:02.668  INFO 6576 --- [main] com.example.demo.DemoApplication         : No active profile set, falling back to default profiles: default
2020-03-15 11:00:04.255  INFO 6576 --- [main] o.s.b.w.embedded.tomcat.TomcatWebServer  : Tomcat initialized with port(s): 8080 (http)
2020-03-15 11:00:04.264  INFO 6576 --- [main] o.apache.catalina.core.StandardService   : Starting service [Tomcat]
2020-03-15 11:00:04.264  INFO 6576 --- [main] org.apache.catalina.core.StandardEngine  : Starting Servlet engine: [Apache Tomcat/9.0.31]
2020-03-15 11:00:04.266  INFO 6576 --- [main] o.a.catalina.core.AprLifecycleListener   : Loaded APR based Apache Tomcat Native library [1.2.23] using APR version [1.7.0].
2020-03-15 11:00:04.266  INFO 6576 --- [main] o.a.catalina.core.AprLifecycleListener   : APR capabilities: IPv6 [true], sendfile [true], accept filters [false], random [true].
2020-03-15 11:00:04.267  INFO 6576 --- [main] o.a.catalina.core.AprLifecycleListener   : APR/OpenSSL configuration: useAprConnector [false], useOpenSSL [true]
2020-03-15 11:00:04.271  INFO 6576 --- [main] o.a.catalina.core.AprLifecycleListener   : OpenSSL successfully initialized [OpenSSL 1.1.1c  28 May 2019]
2020-03-15 11:00:04.401  INFO 6576 --- [main] o.a.c.c.C.[Tomcat].[localhost].[/test]   : Initializing Spring embedded WebApplicationContext
2020-03-15 11:00:04.401  INFO 6576 --- [main] o.s.web.context.ContextLoader            : Root WebApplicationContext: initialization completed in 1537 ms
2020-03-15 11:00:04.648  INFO 6576 --- [main] o.s.s.concurrent.ThreadPoolTaskExecutor  : Initializing ExecutorService 'applicationTaskExecutor'
2020-03-15 11:00:04.710  INFO 6576 --- [main] o.s.b.a.w.s.WelcomePageHandlerMapping    : Adding welcome page template: index
2020-03-15 11:00:04.853  INFO 6576 --- [main] o.s.b.w.embedded.tomcat.TomcatWebServer  : Tomcat started on port(s): 8080 (http) with context path '/test'
2020-03-15 11:00:04.857  INFO 6576 --- [main] com.example.demo.DemoApplication         : Started DemoApplication in 2.945 seconds (JVM running for 4.38)
2020-03-15 11:00:14.846  INFO 6576 --- [http-nio-8080-exec-1] o.a.c.c.C.[Tomcat].[localhost].[/test]   : Initializing Spring DispatcherServlet 'dispatcherServlet'
2020-03-15 11:00:14.846  INFO 6576 --- [http-nio-8080-exec-1] o.s.web.servlet.DispatcherServlet        : Initializing Servlet 'dispatcherServlet'
2020-03-15 11:00:14.851  INFO 6576 --- [http-nio-8080-exec-1] o.s.web.servlet.DispatcherServlet        : Completed initialization in 5 ms
2020-03-15 11:32:04.878  INFO 1368 --- [main] com.example.demo.DemoApplication         : Starting DemoApplication on XCAUA48Y4677PZT with PID 1368 (C:\Users\Administrator\IdeaProjects\demo\target\classes started by Administrator in C:\Users\Administrator\IdeaProjects\demo)
2020-03-15 11:32:04.883 DEBUG 1368 --- [main] com.example.demo.DemoApplication         : Running with Spring Boot v2.2.5.RELEASE, Spring v5.2.4.RELEASE
2020-03-15 11:32:04.884  INFO 1368 --- [main] com.example.demo.DemoApplication         : No active profile set, falling back to default profiles: default
2020-03-15 11:32:06.701  INFO 1368 --- [main] o.s.b.w.embedded.tomcat.TomcatWebServer  : Tomcat initialized with port(s): 8080 (http)
2020-03-15 11:32:06.714  INFO 1368 --- [main] o.apache.catalina.core.StandardService   : Starting service [Tomcat]
2020-03-15 11:32:06.714  INFO 1368 --- [main] org.apache.catalina.core.StandardEngine  : Starting Servlet engine: [Apache Tomcat/9.0.31]
2020-03-15 11:32:06.716  INFO 1368 --- [main] o.a.catalina.core.AprLifecycleListener   : Loaded APR based Apache Tomcat Native library [1.2.23] using APR version [1.7.0].
2020-03-15 11:32:06.717  INFO 1368 --- [main] o.a.catalina.core.AprLifecycleListener   : APR capabilities: IPv6 [true], sendfile [true], accept filters [false], random [true].
2020-03-15 11:32:06.717  INFO 1368 --- [main] o.a.catalina.core.AprLifecycleListener   : APR/OpenSSL configuration: useAprConnector [false], useOpenSSL [true]
2020-03-15 11:32:06.721  INFO 1368 --- [main] o.a.catalina.core.AprLifecycleListener   : OpenSSL successfully initialized [OpenSSL 1.1.1c  28 May 2019]
2020-03-15 11:32:06.879  INFO 1368 --- [main] o.a.c.c.C.[Tomcat].[localhost].[/test]   : Initializing Spring embedded WebApplicationContext
2020-03-15 11:32:06.879  INFO 1368 --- [main] o.s.web.context.ContextLoader            : Root WebApplicationContext: initialization completed in 1889 ms
2020-03-15 11:32:07.098  INFO 1368 --- [main] o.s.s.concurrent.ThreadPoolTaskExecutor  : Initializing ExecutorService 'applicationTaskExecutor'
2020-03-15 11:32:07.162  INFO 1368 --- [main] o.s.b.a.w.s.WelcomePageHandlerMapping    : Adding welcome page template: index
2020-03-15 11:32:07.294  INFO 1368 --- [main] o.s.b.w.embedded.tomcat.TomcatWebServer  : Tomcat started on port(s): 8080 (http) with context path '/test'
2020-03-15 11:32:07.297  INFO 1368 --- [main] com.example.demo.DemoApplication         : Started DemoApplication in 3.204 seconds (JVM running for 4.715)
2020-03-15 11:32:16.595  INFO 1368 --- [http-nio-8080-exec-2] o.a.c.c.C.[Tomcat].[localhost].[/test]   : Initializing Spring DispatcherServlet 'dispatcherServlet'
2020-03-15 11:32:16.596  INFO 1368 --- [http-nio-8080-exec-2] o.s.web.servlet.DispatcherServlet        : Initializing Servlet 'dispatcherServlet'
2020-03-15 11:32:16.609  INFO 1368 --- [http-nio-8080-exec-2] o.s.web.servlet.DispatcherServlet        : Completed initialization in 12 ms
2020-03-15 11:38:31.687  INFO 19708 --- [main] com.example.demo.DemoApplication         : Starting DemoApplication on XCAUA48Y4677PZT with PID 19708 (C:\Users\Administrator\IdeaProjects\demo\target\classes started by Administrator in C:\Users\Administrator\IdeaProjects\demo)
2020-03-15 11:38:31.692 DEBUG 19708 --- [main] com.example.demo.DemoApplication         : Running with Spring Boot v2.2.5.RELEASE, Spring v5.2.4.RELEASE
2020-03-15 11:38:31.693  INFO 19708 --- [main] com.example.demo.DemoApplication         : No active profile set, falling back to default profiles: default
2020-03-15 11:38:33.865  INFO 19708 --- [main] o.s.b.w.embedded.tomcat.TomcatWebServer  : Tomcat initialized with port(s): 8080 (http)
2020-03-15 11:38:33.885  INFO 19708 --- [main] o.apache.catalina.core.StandardService   : Starting service [Tomcat]
2020-03-15 11:38:33.885  INFO 19708 --- [main] org.apache.catalina.core.StandardEngine  : Starting Servlet engine: [Apache Tomcat/9.0.31]
2020-03-15 11:38:33.889  INFO 19708 --- [main] o.a.catalina.core.AprLifecycleListener   : Loaded APR based Apache Tomcat Native library [1.2.23] using APR version [1.7.0].
2020-03-15 11:38:33.889  INFO 19708 --- [main] o.a.catalina.core.AprLifecycleListener   : APR capabilities: IPv6 [true], sendfile [true], accept filters [false], random [true].
2020-03-15 11:38:33.890  INFO 19708 --- [main] o.a.catalina.core.AprLifecycleListener   : APR/OpenSSL configuration: useAprConnector [false], useOpenSSL [true]
2020-03-15 11:38:33.896  INFO 19708 --- [main] o.a.catalina.core.AprLifecycleListener   : OpenSSL successfully initialized [OpenSSL 1.1.1c  28 May 2019]
2020-03-15 11:38:34.068  INFO 19708 --- [main] o.a.c.c.C.[Tomcat].[localhost].[/test]   : Initializing Spring embedded WebApplicationContext
2020-03-15 11:38:34.069  INFO 19708 --- [main] o.s.web.context.ContextLoader            : Root WebApplicationContext: initialization completed in 2264 ms
2020-03-15 11:38:34.376  INFO 19708 --- [main] o.s.s.concurrent.ThreadPoolTaskExecutor  : Initializing ExecutorService 'applicationTaskExecutor'
2020-03-15 11:38:34.440  INFO 19708 --- [main] o.s.b.a.w.s.WelcomePageHandlerMapping    : Adding welcome page template: index
2020-03-15 11:38:34.574  INFO 19708 --- [main] o.s.b.w.embedded.tomcat.TomcatWebServer  : Tomcat started on port(s): 8080 (http) with context path '/test'
2020-03-15 11:38:34.577  INFO 19708 --- [main] com.example.demo.DemoApplication         : Started DemoApplication in 3.541 seconds (JVM running for 4.752)
2020-03-15 11:38:48.375  INFO 19708 --- [http-nio-8080-exec-1] o.a.c.c.C.[Tomcat].[localhost].[/test]   : Initializing Spring DispatcherServlet 'dispatcherServlet'
2020-03-15 11:38:48.375  INFO 19708 --- [http-nio-8080-exec-1] o.s.web.servlet.DispatcherServlet        : Initializing Servlet 'dispatcherServlet'
2020-03-15 11:38:48.381  INFO 19708 --- [http-nio-8080-exec-1] o.s.web.servlet.DispatcherServlet        : Completed initialization in 5 ms
2020-03-15 11:51:39.488  INFO 3032 --- [main] com.example.demo.DemoApplication         : Starting DemoApplication on XCAUA48Y4677PZT with PID 3032 (C:\Users\Administrator\IdeaProjects\demo\target\classes started by Administrator in C:\Users\Administrator\IdeaProjects\demo)
2020-03-15 11:51:39.493 DEBUG 3032 --- [main] com.example.demo.DemoApplication         : Running with Spring Boot v2.2.5.RELEASE, Spring v5.2.4.RELEASE
2020-03-15 11:51:39.496  INFO 3032 --- [main] com.example.demo.DemoApplication         : No active profile set, falling back to default profiles: default
2020-03-15 11:51:41.315  INFO 3032 --- [main] o.s.b.w.embedded.tomcat.TomcatWebServer  : Tomcat initialized with port(s): 8080 (http)
2020-03-15 11:51:41.326  INFO 3032 --- [main] o.apache.catalina.core.StandardService   : Starting service [Tomcat]
2020-03-15 11:51:41.326  INFO 3032 --- [main] org.apache.catalina.core.StandardEngine  : Starting Servlet engine: [Apache Tomcat/9.0.31]
2020-03-15 11:51:41.328  INFO 3032 --- [main] o.a.catalina.core.AprLifecycleListener   : Loaded APR based Apache Tomcat Native library [1.2.23] using APR version [1.7.0].
2020-03-15 11:51:41.329  INFO 3032 --- [main] o.a.catalina.core.AprLifecycleListener   : APR capabilities: IPv6 [true], sendfile [true], accept filters [false], random [true].
2020-03-15 11:51:41.329  INFO 3032 --- [main] o.a.catalina.core.AprLifecycleListener   : APR/OpenSSL configuration: useAprConnector [false], useOpenSSL [true]
2020-03-15 11:51:41.333  INFO 3032 --- [main] o.a.catalina.core.AprLifecycleListener   : OpenSSL successfully initialized [OpenSSL 1.1.1c  28 May 2019]
2020-03-15 11:51:41.474  INFO 3032 --- [main] o.a.c.c.C.[Tomcat].[localhost].[/test]   : Initializing Spring embedded WebApplicationContext
2020-03-15 11:51:41.475  INFO 3032 --- [main] o.s.web.context.ContextLoader            : Root WebApplicationContext: initialization completed in 1856 ms
2020-03-15 11:51:41.743  INFO 3032 --- [main] o.s.s.concurrent.ThreadPoolTaskExecutor  : Initializing ExecutorService 'applicationTaskExecutor'
2020-03-15 11:51:41.820  INFO 3032 --- [main] o.s.b.a.w.s.WelcomePageHandlerMapping    : Adding welcome page template: index
2020-03-15 11:51:41.972  INFO 3032 --- [main] o.s.b.w.embedded.tomcat.TomcatWebServer  : Tomcat started on port(s): 8080 (http) with context path '/test'
2020-03-15 11:51:41.976  INFO 3032 --- [main] com.example.demo.DemoApplication         : Started DemoApplication in 3.213 seconds (JVM running for 4.747)
2020-03-15 11:52:20.459  INFO 3032 --- [http-nio-8080-exec-1] o.a.c.c.C.[Tomcat].[localhost].[/test]   : Initializing Spring DispatcherServlet 'dispatcherServlet'
2020-03-15 11:52:20.459  INFO 3032 --- [http-nio-8080-exec-1] o.s.web.servlet.DispatcherServlet        : Initializing Servlet 'dispatcherServlet'
2020-03-15 11:52:20.464  INFO 3032 --- [http-nio-8080-exec-1] o.s.web.servlet.DispatcherServlet        : Completed initialization in 4 ms
2020-03-15 12:02:48.463  INFO 15904 --- [main] com.example.demo.DemoApplication         : Starting DemoApplication on XCAUA48Y4677PZT with PID 15904 (C:\Users\Administrator\IdeaProjects\demo\target\classes started by Administrator in C:\Users\Administrator\IdeaProjects\demo)
2020-03-15 12:02:48.484 DEBUG 15904 --- [main] com.example.demo.DemoApplication         : Running with Spring Boot v2.2.5.RELEASE, Spring v5.2.4.RELEASE
2020-03-15 12:02:48.485  INFO 15904 --- [main] com.example.demo.DemoApplication         : No active profile set, falling back to default profiles: default
2020-03-15 12:02:50.413  INFO 15904 --- [main] o.s.b.w.embedded.tomcat.TomcatWebServer  : Tomcat initialized with port(s): 8080 (http)
2020-03-15 12:02:50.427  INFO 15904 --- [main] o.apache.catalina.core.StandardService   : Starting service [Tomcat]
2020-03-15 12:02:50.428  INFO 15904 --- [main] org.apache.catalina.core.StandardEngine  : Starting Servlet engine: [Apache Tomcat/9.0.31]
2020-03-15 12:02:50.430  INFO 15904 --- [main] o.a.catalina.core.AprLifecycleListener   : Loaded APR based Apache Tomcat Native library [1.2.23] using APR version [1.7.0].
2020-03-15 12:02:50.430  INFO 15904 --- [main] o.a.catalina.core.AprLifecycleListener   : APR capabilities: IPv6 [true], sendfile [true], accept filters [false], random [true].
2020-03-15 12:02:50.431  INFO 15904 --- [main] o.a.catalina.core.AprLifecycleListener   : APR/OpenSSL configuration: useAprConnector [false], useOpenSSL [true]
2020-03-15 12:02:50.436  INFO 15904 --- [main] o.a.catalina.core.AprLifecycleListener   : OpenSSL successfully initialized [OpenSSL 1.1.1c  28 May 2019]
2020-03-15 12:02:50.610  INFO 15904 --- [main] o.a.c.c.C.[Tomcat].[localhost].[/test]   : Initializing Spring embedded WebApplicationContext
2020-03-15 12:02:50.610  INFO 15904 --- [main] o.s.web.context.ContextLoader            : Root WebApplicationContext: initialization completed in 1998 ms
2020-03-15 12:02:50.828  INFO 15904 --- [main] o.s.s.concurrent.ThreadPoolTaskExecutor  : Initializing ExecutorService 'applicationTaskExecutor'
2020-03-15 12:02:50.889  INFO 15904 --- [main] o.s.b.a.w.s.WelcomePageHandlerMapping    : Adding welcome page template: index
2020-03-15 12:02:51.024  INFO 15904 --- [main] o.s.b.w.embedded.tomcat.TomcatWebServer  : Tomcat started on port(s): 8080 (http) with context path '/test'
2020-03-15 12:02:51.028  INFO 15904 --- [main] com.example.demo.DemoApplication         : Started DemoApplication in 3.273 seconds (JVM running for 4.802)
2020-03-15 12:03:22.612  INFO 15904 --- [http-nio-8080-exec-1] o.a.c.c.C.[Tomcat].[localhost].[/test]   : Initializing Spring DispatcherServlet 'dispatcherServlet'
2020-03-15 12:03:22.612  INFO 15904 --- [http-nio-8080-exec-1] o.s.web.servlet.DispatcherServlet        : Initializing Servlet 'dispatcherServlet'
2020-03-15 12:03:22.617  INFO 15904 --- [http-nio-8080-exec-1] o.s.web.servlet.DispatcherServlet        : Completed initialization in 4 ms
2020-03-15 12:22:08.796  INFO 17104 --- [main] com.example.demo.DemoApplication         : Starting DemoApplication on XCAUA48Y4677PZT with PID 17104 (C:\Users\Administrator\IdeaProjects\demo\target\classes started by Administrator in C:\Users\Administrator\IdeaProjects\demo)
2020-03-15 12:22:08.821 DEBUG 17104 --- [main] com.example.demo.DemoApplication         : Running with Spring Boot v2.2.5.RELEASE, Spring v5.2.4.RELEASE
2020-03-15 12:22:08.822  INFO 17104 --- [main] com.example.demo.DemoApplication         : No active profile set, falling back to default profiles: default
2020-03-15 12:22:10.646  INFO 17104 --- [main] o.s.b.w.embedded.tomcat.TomcatWebServer  : Tomcat initialized with port(s): 8080 (http)
2020-03-15 12:22:10.665  INFO 17104 --- [main] o.apache.catalina.core.StandardService   : Starting service [Tomcat]
2020-03-15 12:22:10.665  INFO 17104 --- [main] org.apache.catalina.core.StandardEngine  : Starting Servlet engine: [Apache Tomcat/9.0.31]
2020-03-15 12:22:10.669  INFO 17104 --- [main] o.a.catalina.core.AprLifecycleListener   : Loaded APR based Apache Tomcat Native library [1.2.23] using APR version [1.7.0].
2020-03-15 12:22:10.669  INFO 17104 --- [main] o.a.catalina.core.AprLifecycleListener   : APR capabilities: IPv6 [true], sendfile [true], accept filters [false], random [true].
2020-03-15 12:22:10.670  INFO 17104 --- [main] o.a.catalina.core.AprLifecycleListener   : APR/OpenSSL configuration: useAprConnector [false], useOpenSSL [true]
2020-03-15 12:22:10.680  INFO 17104 --- [main] o.a.catalina.core.AprLifecycleListener   : OpenSSL successfully initialized [OpenSSL 1.1.1c  28 May 2019]
2020-03-15 12:22:10.916  INFO 17104 --- [main] o.a.c.c.C.[Tomcat].[localhost].[/test]   : Initializing Spring embedded WebApplicationContext
2020-03-15 12:22:10.916  INFO 17104 --- [main] o.s.web.context.ContextLoader            : Root WebApplicationContext: initialization completed in 1966 ms
2020-03-15 12:22:11.164  INFO 17104 --- [main] o.s.s.concurrent.ThreadPoolTaskExecutor  : Initializing ExecutorService 'applicationTaskExecutor'
2020-03-15 12:22:11.234  INFO 17104 --- [main] o.s.b.a.w.s.WelcomePageHandlerMapping    : Adding welcome page template: index
2020-03-15 12:22:11.458  INFO 17104 --- [main] o.s.b.w.embedded.tomcat.TomcatWebServer  : Tomcat started on port(s): 8080 (http) with context path '/test'
2020-03-15 12:22:11.463  INFO 17104 --- [main] com.example.demo.DemoApplication         : Started DemoApplication in 3.391 seconds (JVM running for 5.228)
2020-03-15 12:25:19.541  INFO 17104 --- [http-nio-8080-exec-1] o.a.c.c.C.[Tomcat].[localhost].[/test]   : Initializing Spring DispatcherServlet 'dispatcherServlet'
2020-03-15 12:25:19.541  INFO 17104 --- [http-nio-8080-exec-1] o.s.web.servlet.DispatcherServlet        : Initializing Servlet 'dispatcherServlet'
2020-03-15 12:25:19.552  INFO 17104 --- [http-nio-8080-exec-1] o.s.web.servlet.DispatcherServlet        : Completed initialization in 10 ms
2020-03-15 12:30:29.127  INFO 5340 --- [main] com.example.demo.DemoApplication         : Starting DemoApplication on XCAUA48Y4677PZT with PID 5340 (C:\Users\Administrator\IdeaProjects\demo\target\classes started by Administrator in C:\Users\Administrator\IdeaProjects\demo)
2020-03-15 12:30:29.132 DEBUG 5340 --- [main] com.example.demo.DemoApplication         : Running with Spring Boot v2.2.5.RELEASE, Spring v5.2.4.RELEASE
2020-03-15 12:30:29.133  INFO 5340 --- [main] com.example.demo.DemoApplication         : No active profile set, falling back to default profiles: default
2020-03-15 12:30:30.970  INFO 5340 --- [main] o.s.b.w.embedded.tomcat.TomcatWebServer  : Tomcat initialized with port(s): 8080 (http)
2020-03-15 12:30:30.983  INFO 5340 --- [main] o.apache.catalina.core.StandardService   : Starting service [Tomcat]
2020-03-15 12:30:30.983  INFO 5340 --- [main] org.apache.catalina.core.StandardEngine  : Starting Servlet engine: [Apache Tomcat/9.0.31]
2020-03-15 12:30:30.985  INFO 5340 --- [main] o.a.catalina.core.AprLifecycleListener   : Loaded APR based Apache Tomcat Native library [1.2.23] using APR version [1.7.0].
2020-03-15 12:30:30.986  INFO 5340 --- [main] o.a.catalina.core.AprLifecycleListener   : APR capabilities: IPv6 [true], sendfile [true], accept filters [false], random [true].
2020-03-15 12:30:30.986  INFO 5340 --- [main] o.a.catalina.core.AprLifecycleListener   : APR/OpenSSL configuration: useAprConnector [false], useOpenSSL [true]
2020-03-15 12:30:30.990  INFO 5340 --- [main] o.a.catalina.core.AprLifecycleListener   : OpenSSL successfully initialized [OpenSSL 1.1.1c  28 May 2019]
2020-03-15 12:30:31.151  INFO 5340 --- [main] o.a.c.c.C.[Tomcat].[localhost].[/test]   : Initializing Spring embedded WebApplicationContext
2020-03-15 12:30:31.152  INFO 5340 --- [main] o.s.web.context.ContextLoader            : Root WebApplicationContext: initialization completed in 1935 ms
2020-03-15 12:30:31.354  INFO 5340 --- [main] o.s.s.concurrent.ThreadPoolTaskExecutor  : Initializing ExecutorService 'applicationTaskExecutor'
2020-03-15 12:30:31.414  INFO 5340 --- [main] o.s.b.a.w.s.WelcomePageHandlerMapping    : Adding welcome page template: index
2020-03-15 12:30:31.545  INFO 5340 --- [main] o.s.b.w.embedded.tomcat.TomcatWebServer  : Tomcat started on port(s): 8080 (http) with context path '/test'
2020-03-15 12:30:31.547  INFO 5340 --- [main] com.example.demo.DemoApplication         : Started DemoApplication in 3.193 seconds (JVM running for 4.782)
2020-03-15 12:30:35.807  INFO 5340 --- [http-nio-8080-exec-1] o.a.c.c.C.[Tomcat].[localhost].[/test]   : Initializing Spring DispatcherServlet 'dispatcherServlet'
2020-03-15 12:30:35.808  INFO 5340 --- [http-nio-8080-exec-1] o.s.web.servlet.DispatcherServlet        : Initializing Servlet 'dispatcherServlet'
2020-03-15 12:30:35.813  INFO 5340 --- [http-nio-8080-exec-1] o.s.web.servlet.DispatcherServlet        : Completed initialization in 5 ms
2020-03-15 15:05:45.352  INFO 17248 --- [main] com.example.demo.DemoApplication         : Starting DemoApplication on XCAUA48Y4677PZT with PID 17248 (C:\Users\Administrator\IdeaProjects\demo\target\classes started by Administrator in C:\Users\Administrator\IdeaProjects\demo)
2020-03-15 15:05:45.467 DEBUG 17248 --- [main] com.example.demo.DemoApplication         : Running with Spring Boot v2.2.5.RELEASE, Spring v5.2.4.RELEASE
2020-03-15 15:05:45.468  INFO 17248 --- [main] com.example.demo.DemoApplication         : No active profile set, falling back to default profiles: default
2020-03-15 15:05:50.805  INFO 17248 --- [main] o.s.b.w.embedded.tomcat.TomcatWebServer  : Tomcat initialized with port(s): 8080 (http)
2020-03-15 15:05:50.817  INFO 17248 --- [main] o.apache.catalina.core.StandardService   : Starting service [Tomcat]
2020-03-15 15:05:50.817  INFO 17248 --- [main] org.apache.catalina.core.StandardEngine  : Starting Servlet engine: [Apache Tomcat/9.0.31]
2020-03-15 15:05:50.820  INFO 17248 --- [main] o.a.catalina.core.AprLifecycleListener   : Loaded APR based Apache Tomcat Native library [1.2.23] using APR version [1.7.0].
2020-03-15 15:05:50.821  INFO 17248 --- [main] o.a.catalina.core.AprLifecycleListener   : APR capabilities: IPv6 [true], sendfile [true], accept filters [false], random [true].
2020-03-15 15:05:50.822  INFO 17248 --- [main] o.a.catalina.core.AprLifecycleListener   : APR/OpenSSL configuration: useAprConnector [false], useOpenSSL [true]
2020-03-15 15:05:50.875  INFO 17248 --- [main] o.a.catalina.core.AprLifecycleListener   : OpenSSL successfully initialized [OpenSSL 1.1.1c  28 May 2019]
2020-03-15 15:05:51.099  INFO 17248 --- [main] o.a.c.c.C.[Tomcat].[localhost].[/test]   : Initializing Spring embedded WebApplicationContext
2020-03-15 15:05:51.099  INFO 17248 --- [main] o.s.web.context.ContextLoader            : Root WebApplicationContext: initialization completed in 4718 ms
2020-03-15 15:05:51.950  INFO 17248 --- [main] o.s.s.concurrent.ThreadPoolTaskExecutor  : Initializing ExecutorService 'applicationTaskExecutor'
2020-03-15 15:05:52.119  INFO 17248 --- [main] o.s.b.a.w.s.WelcomePageHandlerMapping    : Adding welcome page template: index
2020-03-15 15:05:52.517  INFO 17248 --- [main] o.s.b.w.embedded.tomcat.TomcatWebServer  : Tomcat started on port(s): 8080 (http) with context path '/test'
2020-03-15 15:05:52.523  INFO 17248 --- [main] com.example.demo.DemoApplication         : Started DemoApplication in 15.843 seconds (JVM running for 22.865)
2020-03-15 15:05:56.987  INFO 17248 --- [http-nio-8080-exec-1] o.a.c.c.C.[Tomcat].[localhost].[/test]   : Initializing Spring DispatcherServlet 'dispatcherServlet'
2020-03-15 15:05:56.987  INFO 17248 --- [http-nio-8080-exec-1] o.s.web.servlet.DispatcherServlet        : Initializing Servlet 'dispatcherServlet'
2020-03-15 15:05:56.996  INFO 17248 --- [http-nio-8080-exec-1] o.s.web.servlet.DispatcherServlet        : Completed initialization in 8 ms
2020-03-15 15:30:51.585  INFO 18524 --- [main] com.example.demo.DemoApplication         : Starting DemoApplication on XCAUA48Y4677PZT with PID 18524 (C:\Users\Administrator\IdeaProjects\demo\target\classes started by Administrator in C:\Users\Administrator\IdeaProjects\demo)
2020-03-15 15:30:51.626 DEBUG 18524 --- [main] com.example.demo.DemoApplication         : Running with Spring Boot v2.2.5.RELEASE, Spring v5.2.4.RELEASE
2020-03-15 15:30:51.627  INFO 18524 --- [main] com.example.demo.DemoApplication         : No active profile set, falling back to default profiles: default
2020-03-15 15:30:57.192  INFO 18524 --- [main] o.s.b.w.embedded.tomcat.TomcatWebServer  : Tomcat initialized with port(s): 8080 (http)
2020-03-15 15:30:57.252  INFO 18524 --- [main] o.apache.catalina.core.StandardService   : Starting service [Tomcat]
2020-03-15 15:30:57.252  INFO 18524 --- [main] org.apache.catalina.core.StandardEngine  : Starting Servlet engine: [Apache Tomcat/9.0.31]
2020-03-15 15:30:57.255  INFO 18524 --- [main] o.a.catalina.core.AprLifecycleListener   : Loaded APR based Apache Tomcat Native library [1.2.23] using APR version [1.7.0].
2020-03-15 15:30:57.256  INFO 18524 --- [main] o.a.catalina.core.AprLifecycleListener   : APR capabilities: IPv6 [true], sendfile [true], accept filters [false], random [true].
2020-03-15 15:30:57.256  INFO 18524 --- [main] o.a.catalina.core.AprLifecycleListener   : APR/OpenSSL configuration: useAprConnector [false], useOpenSSL [true]
2020-03-15 15:30:57.280  INFO 18524 --- [main] o.a.catalina.core.AprLifecycleListener   : OpenSSL successfully initialized [OpenSSL 1.1.1c  28 May 2019]
2020-03-15 15:30:57.593  INFO 18524 --- [main] o.a.c.c.C.[Tomcat].[localhost].[/test]   : Initializing Spring embedded WebApplicationContext
2020-03-15 15:30:57.594  INFO 18524 --- [main] o.s.web.context.ContextLoader            : Root WebApplicationContext: initialization completed in 5707 ms
2020-03-15 15:30:58.123  INFO 18524 --- [main] o.s.s.concurrent.ThreadPoolTaskExecutor  : Initializing ExecutorService 'applicationTaskExecutor'
2020-03-15 15:30:58.382  INFO 18524 --- [main] o.s.b.a.w.s.WelcomePageHandlerMapping    : Adding welcome page template: index
2020-03-15 15:30:58.804  INFO 18524 --- [main] o.s.b.w.embedded.tomcat.TomcatWebServer  : Tomcat started on port(s): 8080 (http) with context path '/test'
2020-03-15 15:30:58.811  INFO 18524 --- [main] com.example.demo.DemoApplication         : Started DemoApplication in 9.751 seconds (JVM running for 12.275)
2020-03-15 15:32:47.658  INFO 18524 --- [http-nio-8080-exec-1] o.a.c.c.C.[Tomcat].[localhost].[/test]   : Initializing Spring DispatcherServlet 'dispatcherServlet'
2020-03-15 15:32:47.659  INFO 18524 --- [http-nio-8080-exec-1] o.s.web.servlet.DispatcherServlet        : Initializing Servlet 'dispatcherServlet'
2020-03-15 15:32:47.666  INFO 18524 --- [http-nio-8080-exec-1] o.s.web.servlet.DispatcherServlet        : Completed initialization in 6 ms
2020-03-15 15:33:24.837  WARN 18524 --- [http-nio-8080-exec-5] .w.s.m.s.DefaultHandlerExceptionResolver : Resolved [org.springframework.validation.BindException: org.springframework.validation.BeanPropertyBindingResult: 1 errors
Field error in object 'employee' on field 'birth': rejected value [2016-12-350 00:00]; codes [typeMismatch.employee.birth,typeMismatch.birth,typeMismatch.java.util.Date,typeMismatch]; arguments [org.springframework.context.support.DefaultMessageSourceResolvable: codes [employee.birth,birth]; arguments []; default message [birth]]; default message [Failed to convert property value of type 'java.lang.String' to required type 'java.util.Date' for property 'birth'; nested exception is org.springframework.core.convert.ConversionFailedException: Failed to convert from type [java.lang.String] to type [java.util.Date] for value '2016-12-350 00:00'; nested exception is java.lang.IllegalArgumentException]]
2020-03-15 15:34:20.625  INFO 18504 --- [main] com.example.demo.DemoApplication         : Starting DemoApplication on XCAUA48Y4677PZT with PID 18504 (C:\Users\Administrator\IdeaProjects\demo\target\classes started by Administrator in C:\Users\Administrator\IdeaProjects\demo)
2020-03-15 15:34:20.630 DEBUG 18504 --- [main] com.example.demo.DemoApplication         : Running with Spring Boot v2.2.5.RELEASE, Spring v5.2.4.RELEASE
2020-03-15 15:34:20.631  INFO 18504 --- [main] com.example.demo.DemoApplication         : No active profile set, falling back to default profiles: default
2020-03-15 15:34:23.337  INFO 18504 --- [main] o.s.b.w.embedded.tomcat.TomcatWebServer  : Tomcat initialized with port(s): 8080 (http)
2020-03-15 15:34:23.351  INFO 18504 --- [main] o.apache.catalina.core.StandardService   : Starting service [Tomcat]
2020-03-15 15:34:23.352  INFO 18504 --- [main] org.apache.catalina.core.StandardEngine  : Starting Servlet engine: [Apache Tomcat/9.0.31]
2020-03-15 15:34:23.355  INFO 18504 --- [main] o.a.catalina.core.AprLifecycleListener   : Loaded APR based Apache Tomcat Native library [1.2.23] using APR version [1.7.0].
2020-03-15 15:34:23.355  INFO 18504 --- [main] o.a.catalina.core.AprLifecycleListener   : APR capabilities: IPv6 [true], sendfile [true], accept filters [false], random [true].
2020-03-15 15:34:23.357  INFO 18504 --- [main] o.a.catalina.core.AprLifecycleListener   : APR/OpenSSL configuration: useAprConnector [false], useOpenSSL [true]
2020-03-15 15:34:23.363  INFO 18504 --- [main] o.a.catalina.core.AprLifecycleListener   : OpenSSL successfully initialized [OpenSSL 1.1.1c  28 May 2019]
2020-03-15 15:34:23.552  INFO 18504 --- [main] o.a.c.c.C.[Tomcat].[localhost].[/test]   : Initializing Spring embedded WebApplicationContext
2020-03-15 15:34:23.553  INFO 18504 --- [main] o.s.web.context.ContextLoader            : Root WebApplicationContext: initialization completed in 2820 ms
2020-03-15 15:34:23.895  INFO 18504 --- [main] o.s.s.concurrent.ThreadPoolTaskExecutor  : Initializing ExecutorService 'applicationTaskExecutor'
2020-03-15 15:34:23.994  INFO 18504 --- [main] o.s.b.a.w.s.WelcomePageHandlerMapping    : Adding welcome page template: index
2020-03-15 15:34:24.222  INFO 18504 --- [main] o.s.b.w.embedded.tomcat.TomcatWebServer  : Tomcat started on port(s): 8080 (http) with context path '/test'
2020-03-15 15:34:24.236  INFO 18504 --- [main] com.example.demo.DemoApplication         : Started DemoApplication in 4.615 seconds (JVM running for 6.626)
2020-03-15 15:34:34.962  INFO 18504 --- [http-nio-8080-exec-1] o.a.c.c.C.[Tomcat].[localhost].[/test]   : Initializing Spring DispatcherServlet 'dispatcherServlet'
2020-03-15 15:34:34.963  INFO 18504 --- [http-nio-8080-exec-1] o.s.web.servlet.DispatcherServlet        : Initializing Servlet 'dispatcherServlet'
2020-03-15 15:34:34.969  INFO 18504 --- [http-nio-8080-exec-1] o.s.web.servlet.DispatcherServlet        : Completed initialization in 6 ms
2020-03-15 15:34:56.246  WARN 18504 --- [http-nio-8080-exec-8] .w.s.m.s.DefaultHandlerExceptionResolver : Resolved [org.springframework.validation.BindException: org.springframework.validation.BeanPropertyBindingResult: 1 errors
Field error in object 'employee' on field 'birth': rejected value [2016-12-350 00:00]; codes [typeMismatch.employee.birth,typeMismatch.birth,typeMismatch.java.util.Date,typeMismatch]; arguments [org.springframework.context.support.DefaultMessageSourceResolvable: codes [employee.birth,birth]; arguments []; default message [birth]]; default message [Failed to convert property value of type 'java.lang.String' to required type 'java.util.Date' for property 'birth'; nested exception is org.springframework.core.convert.ConversionFailedException: Failed to convert from type [java.lang.String] to type [java.util.Date] for value '2016-12-350 00:00'; nested exception is java.lang.IllegalArgumentException]]
2020-03-15 15:38:57.469  INFO 20552 --- [main] com.example.demo.DemoApplication         : Starting DemoApplication on XCAUA48Y4677PZT with PID 20552 (C:\Users\Administrator\IdeaProjects\demo\target\classes started by Administrator in C:\Users\Administrator\IdeaProjects\demo)
2020-03-15 15:38:57.473 DEBUG 20552 --- [main] com.example.demo.DemoApplication         : Running with Spring Boot v2.2.5.RELEASE, Spring v5.2.4.RELEASE
2020-03-15 15:38:57.474  INFO 20552 --- [main] com.example.demo.DemoApplication         : No active profile set, falling back to default profiles: default
2020-03-15 15:39:00.069  INFO 20552 --- [main] o.s.b.w.embedded.tomcat.TomcatWebServer  : Tomcat initialized with port(s): 8080 (http)
2020-03-15 15:39:00.081  INFO 20552 --- [main] o.apache.catalina.core.StandardService   : Starting service [Tomcat]
2020-03-15 15:39:00.082  INFO 20552 --- [main] org.apache.catalina.core.StandardEngine  : Starting Servlet engine: [Apache Tomcat/9.0.31]
2020-03-15 15:39:00.085  INFO 20552 --- [main] o.a.catalina.core.AprLifecycleListener   : Loaded APR based Apache Tomcat Native library [1.2.23] using APR version [1.7.0].
2020-03-15 15:39:00.085  INFO 20552 --- [main] o.a.catalina.core.AprLifecycleListener   : APR capabilities: IPv6 [true], sendfile [true], accept filters [false], random [true].
2020-03-15 15:39:00.086  INFO 20552 --- [main] o.a.catalina.core.AprLifecycleListener   : APR/OpenSSL configuration: useAprConnector [false], useOpenSSL [true]
2020-03-15 15:39:00.090  INFO 20552 --- [main] o.a.catalina.core.AprLifecycleListener   : OpenSSL successfully initialized [OpenSSL 1.1.1c  28 May 2019]
2020-03-15 15:39:00.265  INFO 20552 --- [main] o.a.c.c.C.[Tomcat].[localhost].[/test]   : Initializing Spring embedded WebApplicationContext
2020-03-15 15:39:00.265  INFO 20552 --- [main] o.s.web.context.ContextLoader            : Root WebApplicationContext: initialization completed in 2699 ms
2020-03-15 15:39:00.640  INFO 20552 --- [main] o.s.s.concurrent.ThreadPoolTaskExecutor  : Initializing ExecutorService 'applicationTaskExecutor'
2020-03-15 15:39:00.733  INFO 20552 --- [main] o.s.b.a.w.s.WelcomePageHandlerMapping    : Adding welcome page template: index
2020-03-15 15:39:00.926  INFO 20552 --- [main] o.s.b.w.embedded.tomcat.TomcatWebServer  : Tomcat started on port(s): 8080 (http) with context path '/test'
2020-03-15 15:39:00.935  INFO 20552 --- [main] com.example.demo.DemoApplication         : Started DemoApplication in 4.397 seconds (JVM running for 6.121)
2020-03-15 15:39:07.470  INFO 20552 --- [http-nio-8080-exec-1] o.a.c.c.C.[Tomcat].[localhost].[/test]   : Initializing Spring DispatcherServlet 'dispatcherServlet'
2020-03-15 15:39:07.470  INFO 20552 --- [http-nio-8080-exec-1] o.s.web.servlet.DispatcherServlet        : Initializing Servlet 'dispatcherServlet'
2020-03-15 15:39:07.479  INFO 20552 --- [http-nio-8080-exec-1] o.s.web.servlet.DispatcherServlet        : Completed initialization in 9 ms
2020-03-15 15:39:20.492  WARN 20552 --- [http-nio-8080-exec-7] .w.s.m.s.DefaultHandlerExceptionResolver : Resolved [org.springframework.validation.BindException: org.springframework.validation.BeanPropertyBindingResult: 1 errors
Field error in object 'employee' on field 'birth': rejected value [2016/12/15]; codes [typeMismatch.employee.birth,typeMismatch.birth,typeMismatch.java.util.Date,typeMismatch]; arguments [org.springframework.context.support.DefaultMessageSourceResolvable: codes [employee.birth,birth]; arguments []; default message [birth]]; default message [Failed to convert property value of type 'java.lang.String' to required type 'java.util.Date' for property 'birth'; nested exception is org.springframework.core.convert.ConversionFailedException: Failed to convert from type [java.lang.String] to type [java.util.Date] for value '2016/12/15'; nested exception is java.lang.IllegalArgumentException: Parse attempt failed for value [2016/12/15]]]
2020-03-15 15:39:29.068  WARN 20552 --- [http-nio-8080-exec-9] .w.s.m.s.DefaultHandlerExceptionResolver : Resolved [org.springframework.validation.BindException: org.springframework.validation.BeanPropertyBindingResult: 1 errors
Field error in object 'employee' on field 'birth': rejected value [2016-12-15]; codes [typeMismatch.employee.birth,typeMismatch.birth,typeMismatch.java.util.Date,typeMismatch]; arguments [org.springframework.context.support.DefaultMessageSourceResolvable: codes [employee.birth,birth]; arguments []; default message [birth]]; default message [Failed to convert property value of type 'java.lang.String' to required type 'java.util.Date' for property 'birth'; nested exception is org.springframework.core.convert.ConversionFailedException: Failed to convert from type [java.lang.String] to type [java.util.Date] for value '2016-12-15'; nested exception is java.lang.IllegalArgumentException: Parse attempt failed for value [2016-12-15]]]
2020-03-15 15:39:44.956  WARN 20552 --- [http-nio-8080-exec-1] .w.s.m.s.DefaultHandlerExceptionResolver : Resolved [org.springframework.validation.BindException: org.springframework.validation.BeanPropertyBindingResult: 1 errors
Field error in object 'employee' on field 'birth': rejected value [2016-12-15 12:45]; codes [typeMismatch.employee.birth,typeMismatch.birth,typeMismatch.java.util.Date,typeMismatch]; arguments [org.springframework.context.support.DefaultMessageSourceResolvable: codes [employee.birth,birth]; arguments []; default message [birth]]; default message [Failed to convert property value of type 'java.lang.String' to required type 'java.util.Date' for property 'birth'; nested exception is org.springframework.core.convert.ConversionFailedException: Failed to convert from type [java.lang.String] to type [java.util.Date] for value '2016-12-15 12:45'; nested exception is java.lang.IllegalArgumentException: Parse attempt failed for value [2016-12-15 12:45]]]
2020-03-15 15:39:53.013  WARN 20552 --- [http-nio-8080-exec-3] .w.s.m.s.DefaultHandlerExceptionResolver : Resolved [org.springframework.validation.BindException: org.springframework.validation.BeanPropertyBindingResult: 1 errors
Field error in object 'employee' on field 'birth': rejected value [2016-12-15]; codes [typeMismatch.employee.birth,typeMismatch.birth,typeMismatch.java.util.Date,typeMismatch]; arguments [org.springframework.context.support.DefaultMessageSourceResolvable: codes [employee.birth,birth]; arguments []; default message [birth]]; default message [Failed to convert property value of type 'java.lang.String' to required type 'java.util.Date' for property 'birth'; nested exception is org.springframework.core.convert.ConversionFailedException: Failed to convert from type [java.lang.String] to type [java.util.Date] for value '2016-12-15'; nested exception is java.lang.IllegalArgumentException: Parse attempt failed for value [2016-12-15]]]
2020-03-15 15:40:55.634  INFO 7200 --- [main] com.example.demo.DemoApplication         : Starting DemoApplication on XCAUA48Y4677PZT with PID 7200 (C:\Users\Administrator\IdeaProjects\demo\target\classes started by Administrator in C:\Users\Administrator\IdeaProjects\demo)
2020-03-15 15:40:55.640 DEBUG 7200 --- [main] com.example.demo.DemoApplication         : Running with Spring Boot v2.2.5.RELEASE, Spring v5.2.4.RELEASE
2020-03-15 15:40:55.641  INFO 7200 --- [main] com.example.demo.DemoApplication         : No active profile set, falling back to default profiles: default
2020-03-15 15:40:58.333  INFO 7200 --- [main] o.s.b.w.embedded.tomcat.TomcatWebServer  : Tomcat initialized with port(s): 8080 (http)
2020-03-15 15:40:58.348  INFO 7200 --- [main] o.apache.catalina.core.StandardService   : Starting service [Tomcat]
2020-03-15 15:40:58.348  INFO 7200 --- [main] org.apache.catalina.core.StandardEngine  : Starting Servlet engine: [Apache Tomcat/9.0.31]
2020-03-15 15:40:58.351  INFO 7200 --- [main] o.a.catalina.core.AprLifecycleListener   : Loaded APR based Apache Tomcat Native library [1.2.23] using APR version [1.7.0].
2020-03-15 15:40:58.352  INFO 7200 --- [main] o.a.catalina.core.AprLifecycleListener   : APR capabilities: IPv6 [true], sendfile [true], accept filters [false], random [true].
2020-03-15 15:40:58.353  INFO 7200 --- [main] o.a.catalina.core.AprLifecycleListener   : APR/OpenSSL configuration: useAprConnector [false], useOpenSSL [true]
2020-03-15 15:40:58.360  INFO 7200 --- [main] o.a.catalina.core.AprLifecycleListener   : OpenSSL successfully initialized [OpenSSL 1.1.1c  28 May 2019]
2020-03-15 15:40:58.608  INFO 7200 --- [main] o.a.c.c.C.[Tomcat].[localhost].[/test]   : Initializing Spring embedded WebApplicationContext
2020-03-15 15:40:58.609  INFO 7200 --- [main] o.s.web.context.ContextLoader            : Root WebApplicationContext: initialization completed in 2866 ms
2020-03-15 15:40:58.950  INFO 7200 --- [main] o.s.s.concurrent.ThreadPoolTaskExecutor  : Initializing ExecutorService 'applicationTaskExecutor'
2020-03-15 15:40:59.048  INFO 7200 --- [main] o.s.b.a.w.s.WelcomePageHandlerMapping    : Adding welcome page template: index
2020-03-15 15:40:59.363  INFO 7200 --- [main] o.s.b.w.embedded.tomcat.TomcatWebServer  : Tomcat started on port(s): 8080 (http) with context path '/test'
2020-03-15 15:40:59.375  INFO 7200 --- [main] com.example.demo.DemoApplication         : Started DemoApplication in 4.698 seconds (JVM running for 6.477)
2020-03-15 15:41:09.373  INFO 7200 --- [http-nio-8080-exec-1] o.a.c.c.C.[Tomcat].[localhost].[/test]   : Initializing Spring DispatcherServlet 'dispatcherServlet'
2020-03-15 15:41:09.374  INFO 7200 --- [http-nio-8080-exec-1] o.s.web.servlet.DispatcherServlet        : Initializing Servlet 'dispatcherServlet'
2020-03-15 15:41:09.380  INFO 7200 --- [http-nio-8080-exec-1] o.s.web.servlet.DispatcherServlet        : Completed initialization in 5 ms
2020-03-15 15:41:25.816  WARN 7200 --- [http-nio-8080-exec-5] .w.s.m.s.DefaultHandlerExceptionResolver : Resolved [org.springframework.validation.BindException: org.springframework.validation.BeanPropertyBindingResult: 1 errors
Field error in object 'employee' on field 'birth': rejected value [2016-12-15]; codes [typeMismatch.employee.birth,typeMismatch.birth,typeMismatch.java.util.Date,typeMismatch]; arguments [org.springframework.context.support.DefaultMessageSourceResolvable: codes [employee.birth,birth]; arguments []; default message [birth]]; default message [Failed to convert property value of type 'java.lang.String' to required type 'java.util.Date' for property 'birth'; nested exception is org.springframework.core.convert.ConversionFailedException: Failed to convert from type [java.lang.String] to type [java.util.Date] for value '2016-12-15'; nested exception is java.lang.IllegalArgumentException: Parse attempt failed for value [2016-12-15]]]
2020-03-15 15:43:24.752  WARN 7200 --- [http-nio-8080-exec-10] .w.s.m.s.DefaultHandlerExceptionResolver : Resolved [org.springframework.validation.BindException: org.springframework.validation.BeanPropertyBindingResult: 1 errors
Field error in object 'employee' on field 'birth': rejected value [2016-12-15]; codes [typeMismatch.employee.birth,typeMismatch.birth,typeMismatch.java.util.Date,typeMismatch]; arguments [org.springframework.context.support.DefaultMessageSourceResolvable: codes [employee.birth,birth]; arguments []; default message [birth]]; default message [Failed to convert property value of type 'java.lang.String' to required type 'java.util.Date' for property 'birth'; nested exception is org.springframework.core.convert.ConversionFailedException: Failed to convert from type [java.lang.String] to type [java.util.Date] for value '2016-12-15'; nested exception is java.lang.IllegalArgumentException: Parse attempt failed for value [2016-12-15]]]
2020-03-15 15:44:39.169  INFO 15608 --- [main] com.example.demo.DemoApplication         : Starting DemoApplication on XCAUA48Y4677PZT with PID 15608 (C:\Users\Administrator\IdeaProjects\demo\target\classes started by Administrator in C:\Users\Administrator\IdeaProjects\demo)
2020-03-15 15:44:39.174 DEBUG 15608 --- [main] com.example.demo.DemoApplication         : Running with Spring Boot v2.2.5.RELEASE, Spring v5.2.4.RELEASE
2020-03-15 15:44:39.176  INFO 15608 --- [main] com.example.demo.DemoApplication         : No active profile set, falling back to default profiles: default
2020-03-15 15:44:42.321  INFO 15608 --- [main] o.s.b.w.embedded.tomcat.TomcatWebServer  : Tomcat initialized with port(s): 8080 (http)
2020-03-15 15:44:42.335  INFO 15608 --- [main] o.apache.catalina.core.StandardService   : Starting service [Tomcat]
2020-03-15 15:44:42.336  INFO 15608 --- [main] org.apache.catalina.core.StandardEngine  : Starting Servlet engine: [Apache Tomcat/9.0.31]
2020-03-15 15:44:42.338  INFO 15608 --- [main] o.a.catalina.core.AprLifecycleListener   : Loaded APR based Apache Tomcat Native library [1.2.23] using APR version [1.7.0].
2020-03-15 15:44:42.339  INFO 15608 --- [main] o.a.catalina.core.AprLifecycleListener   : APR capabilities: IPv6 [true], sendfile [true], accept filters [false], random [true].
2020-03-15 15:44:42.339  INFO 15608 --- [main] o.a.catalina.core.AprLifecycleListener   : APR/OpenSSL configuration: useAprConnector [false], useOpenSSL [true]
2020-03-15 15:44:42.344  INFO 15608 --- [main] o.a.catalina.core.AprLifecycleListener   : OpenSSL successfully initialized [OpenSSL 1.1.1c  28 May 2019]
2020-03-15 15:44:42.679  INFO 15608 --- [main] o.a.c.c.C.[Tomcat].[localhost].[/test]   : Initializing Spring embedded WebApplicationContext
2020-03-15 15:44:42.679  INFO 15608 --- [main] o.s.web.context.ContextLoader            : Root WebApplicationContext: initialization completed in 3406 ms
2020-03-15 15:44:43.574  INFO 15608 --- [main] o.s.s.concurrent.ThreadPoolTaskExecutor  : Initializing ExecutorService 'applicationTaskExecutor'
2020-03-15 15:44:43.742  INFO 15608 --- [main] o.s.b.a.w.s.WelcomePageHandlerMapping    : Adding welcome page template: index
2020-03-15 15:44:44.025  INFO 15608 --- [main] o.s.b.w.embedded.tomcat.TomcatWebServer  : Tomcat started on port(s): 8080 (http) with context path '/test'
2020-03-15 15:44:44.037  INFO 15608 --- [main] com.example.demo.DemoApplication         : Started DemoApplication in 5.913 seconds (JVM running for 8.311)
2020-03-15 15:44:45.643  INFO 15608 --- [http-nio-8080-exec-1] o.a.c.c.C.[Tomcat].[localhost].[/test]   : Initializing Spring DispatcherServlet 'dispatcherServlet'
2020-03-15 15:44:45.643  INFO 15608 --- [http-nio-8080-exec-1] o.s.web.servlet.DispatcherServlet        : Initializing Servlet 'dispatcherServlet'
2020-03-15 15:44:45.656  INFO 15608 --- [http-nio-8080-exec-1] o.s.web.servlet.DispatcherServlet        : Completed initialization in 13 ms
2020-03-15 15:45:16.243  WARN 15608 --- [http-nio-8080-exec-8] .w.s.m.s.DefaultHandlerExceptionResolver : Resolved [org.springframework.validation.BindException: org.springframework.validation.BeanPropertyBindingResult: 1 errors
Field error in object 'employee' on field 'birth': rejected value [2016-12-350 00:00]; codes [typeMismatch.employee.birth,typeMismatch.birth,typeMismatch.java.util.Date,typeMismatch]; arguments [org.springframework.context.support.DefaultMessageSourceResolvable: codes [employee.birth,birth]; arguments []; default message [birth]]; default message [Failed to convert property value of type 'java.lang.String' to required type 'java.util.Date' for property 'birth'; nested exception is org.springframework.core.convert.ConversionFailedException: Failed to convert from type [java.lang.String] to type [java.util.Date] for value '2016-12-350 00:00'; nested exception is java.lang.IllegalArgumentException: Parse attempt failed for value [2016-12-350 00:00]]]
2020-03-15 15:45:27.712  WARN 15608 --- [http-nio-8080-exec-3] .w.s.m.s.DefaultHandlerExceptionResolver : Resolved [org.springframework.validation.BindException: org.springframework.validation.BeanPropertyBindingResult: 1 errors
Field error in object 'employee' on field 'birth': rejected value [2016-12-35]; codes [typeMismatch.employee.birth,typeMismatch.birth,typeMismatch.java.util.Date,typeMismatch]; arguments [org.springframework.context.support.DefaultMessageSourceResolvable: codes [employee.birth,birth]; arguments []; default message [birth]]; default message [Failed to convert property value of type 'java.lang.String' to required type 'java.util.Date' for property 'birth'; nested exception is org.springframework.core.convert.ConversionFailedException: Failed to convert from type [java.lang.String] to type [java.util.Date] for value '2016-12-35'; nested exception is java.lang.IllegalArgumentException: Parse attempt failed for value [2016-12-35]]]
2020-03-15 15:46:03.240  WARN 15608 --- [http-nio-8080-exec-1] .w.s.m.s.DefaultHandlerExceptionResolver : Resolved [org.springframework.validation.BindException: org.springframework.validation.BeanPropertyBindingResult: 1 errors
Field error in object 'employee' on field 'birth': rejected value [2016-12-35]; codes [typeMismatch.employee.birth,typeMismatch.birth,typeMismatch.java.util.Date,typeMismatch]; arguments [org.springframework.context.support.DefaultMessageSourceResolvable: codes [employee.birth,birth]; arguments []; default message [birth]]; default message [Failed to convert property value of type 'java.lang.String' to required type 'java.util.Date' for property 'birth'; nested exception is org.springframework.core.convert.ConversionFailedException: Failed to convert from type [java.lang.String] to type [java.util.Date] for value '2016-12-35'; nested exception is java.lang.IllegalArgumentException: Parse attempt failed for value [2016-12-35]]]
2020-03-15 15:46:13.210  WARN 15608 --- [http-nio-8080-exec-9] .w.s.m.s.DefaultHandlerExceptionResolver : Resolved [org.springframework.validation.BindException: org.springframework.validation.BeanPropertyBindingResult: 1 errors
Field error in object 'employee' on field 'birth': rejected value [2016-12-35]; codes [typeMismatch.employee.birth,typeMismatch.birth,typeMismatch.java.util.Date,typeMismatch]; arguments [org.springframework.context.support.DefaultMessageSourceResolvable: codes [employee.birth,birth]; arguments []; default message [birth]]; default message [Failed to convert property value of type 'java.lang.String' to required type 'java.util.Date' for property 'birth'; nested exception is org.springframework.core.convert.ConversionFailedException: Failed to convert from type [java.lang.String] to type [java.util.Date] for value '2016-12-35'; nested exception is java.lang.IllegalArgumentException: Parse attempt failed for value [2016-12-35]]]
2020-03-15 15:46:17.491  WARN 15608 --- [http-nio-8080-exec-6] .w.s.m.s.DefaultHandlerExceptionResolver : Resolved [org.springframework.validation.BindException: org.springframework.validation.BeanPropertyBindingResult: 1 errors
Field error in object 'employee' on field 'birth': rejected value [2016-12-35]; codes [typeMismatch.employee.birth,typeMismatch.birth,typeMismatch.java.util.Date,typeMismatch]; arguments [org.springframework.context.support.DefaultMessageSourceResolvable: codes [employee.birth,birth]; arguments []; default message [birth]]; default message [Failed to convert property value of type 'java.lang.String' to required type 'java.util.Date' for property 'birth'; nested exception is org.springframework.core.convert.ConversionFailedException: Failed to convert from type [java.lang.String] to type [java.util.Date] for value '2016-12-35'; nested exception is java.lang.IllegalArgumentException: Parse attempt failed for value [2016-12-35]]]
2020-03-15 15:46:29.349  WARN 15608 --- [http-nio-8080-exec-2] .w.s.m.s.DefaultHandlerExceptionResolver : Resolved [org.springframework.validation.BindException: org.springframework.validation.BeanPropertyBindingResult: 1 errors
Field error in object 'employee' on field 'birth': rejected value [2016-12-35]; codes [typeMismatch.employee.birth,typeMismatch.birth,typeMismatch.java.util.Date,typeMismatch]; arguments [org.springframework.context.support.DefaultMessageSourceResolvable: codes [employee.birth,birth]; arguments []; default message [birth]]; default message [Failed to convert property value of type 'java.lang.String' to required type 'java.util.Date' for property 'birth'; nested exception is org.springframework.core.convert.ConversionFailedException: Failed to convert from type [java.lang.String] to type [java.util.Date] for value '2016-12-35'; nested exception is java.lang.IllegalArgumentException: Parse attempt failed for value [2016-12-35]]]
2020-03-15 15:46:49.725  WARN 15608 --- [http-nio-8080-exec-9] .w.s.m.s.DefaultHandlerExceptionResolver : Resolved [org.springframework.validation.BindException: org.springframework.validation.BeanPropertyBindingResult: 1 errors
Field error in object 'employee' on field 'birth': rejected value [2016-12-35]; codes [typeMismatch.employee.birth,typeMismatch.birth,typeMismatch.java.util.Date,typeMismatch]; arguments [org.springframework.context.support.DefaultMessageSourceResolvable: codes [employee.birth,birth]; arguments []; default message [birth]]; default message [Failed to convert property value of type 'java.lang.String' to required type 'java.util.Date' for property 'birth'; nested exception is org.springframework.core.convert.ConversionFailedException: Failed to convert from type [java.lang.String] to type [java.util.Date] for value '2016-12-35'; nested exception is java.lang.IllegalArgumentException: Parse attempt failed for value [2016-12-35]]]
2020-03-15 15:47:00.883  INFO 11440 --- [main] com.example.demo.DemoApplication         : Starting DemoApplication on XCAUA48Y4677PZT with PID 11440 (C:\Users\Administrator\IdeaProjects\demo\target\classes started by Administrator in C:\Users\Administrator\IdeaProjects\demo)
2020-03-15 15:47:00.889 DEBUG 11440 --- [main] com.example.demo.DemoApplication         : Running with Spring Boot v2.2.5.RELEASE, Spring v5.2.4.RELEASE
2020-03-15 15:47:00.890  INFO 11440 --- [main] com.example.demo.DemoApplication         : No active profile set, falling back to default profiles: default
2020-03-15 15:47:03.758  INFO 11440 --- [main] o.s.b.w.embedded.tomcat.TomcatWebServer  : Tomcat initialized with port(s): 8080 (http)
2020-03-15 15:47:03.772  INFO 11440 --- [main] o.apache.catalina.core.StandardService   : Starting service [Tomcat]
2020-03-15 15:47:03.772  INFO 11440 --- [main] org.apache.catalina.core.StandardEngine  : Starting Servlet engine: [Apache Tomcat/9.0.31]
2020-03-15 15:47:03.773  INFO 11440 --- [main] o.a.catalina.core.AprLifecycleListener   : Loaded APR based Apache Tomcat Native library [1.2.23] using APR version [1.7.0].
2020-03-15 15:47:03.774  INFO 11440 --- [main] o.a.catalina.core.AprLifecycleListener   : APR capabilities: IPv6 [true], sendfile [true], accept filters [false], random [true].
2020-03-15 15:47:03.774  INFO 11440 --- [main] o.a.catalina.core.AprLifecycleListener   : APR/OpenSSL configuration: useAprConnector [false], useOpenSSL [true]
2020-03-15 15:47:03.783  INFO 11440 --- [main] o.a.catalina.core.AprLifecycleListener   : OpenSSL successfully initialized [OpenSSL 1.1.1c  28 May 2019]
2020-03-15 15:47:03.953  INFO 11440 --- [main] o.a.c.c.C.[Tomcat].[localhost].[/test]   : Initializing Spring embedded WebApplicationContext
2020-03-15 15:47:03.953  INFO 11440 --- [main] o.s.web.context.ContextLoader            : Root WebApplicationContext: initialization completed in 2940 ms
2020-03-15 15:47:04.365  INFO 11440 --- [main] o.s.s.concurrent.ThreadPoolTaskExecutor  : Initializing ExecutorService 'applicationTaskExecutor'
2020-03-15 15:47:04.481  INFO 11440 --- [main] o.s.b.a.w.s.WelcomePageHandlerMapping    : Adding welcome page template: index
2020-03-15 15:47:05.075  INFO 11440 --- [main] o.s.b.w.embedded.tomcat.TomcatWebServer  : Tomcat started on port(s): 8080 (http) with context path '/test'
2020-03-15 15:47:05.121  INFO 11440 --- [main] com.example.demo.DemoApplication         : Started DemoApplication in 5.346 seconds (JVM running for 7.635)
2020-03-15 15:47:05.237  INFO 11440 --- [http-nio-8080-exec-1] o.a.c.c.C.[Tomcat].[localhost].[/test]   : Initializing Spring DispatcherServlet 'dispatcherServlet'
2020-03-15 15:47:05.237  INFO 11440 --- [http-nio-8080-exec-1] o.s.web.servlet.DispatcherServlet        : Initializing Servlet 'dispatcherServlet'
2020-03-15 15:47:05.248  INFO 11440 --- [http-nio-8080-exec-1] o.s.web.servlet.DispatcherServlet        : Completed initialization in 10 ms
2020-03-15 15:47:20.406  WARN 11440 --- [http-nio-8080-exec-3] .w.s.m.s.DefaultHandlerExceptionResolver : Resolved [org.springframework.validation.BindException: org.springframework.validation.BeanPropertyBindingResult: 1 errors
Field error in object 'employee' on field 'birth': rejected value [2016-12-35]; codes [typeMismatch.employee.birth,typeMismatch.birth,typeMismatch.java.util.Date,typeMismatch]; arguments [org.springframework.context.support.DefaultMessageSourceResolvable: codes [employee.birth,birth]; arguments []; default message [birth]]; default message [Failed to convert property value of type 'java.lang.String' to required type 'java.util.Date' for property 'birth'; nested exception is org.springframework.core.convert.ConversionFailedException: Failed to convert from type [java.lang.String] to type [java.util.Date] for value '2016-12-35'; nested exception is java.lang.IllegalArgumentException: Parse attempt failed for value [2016-12-35]]]
2020-03-15 15:48:24.147  INFO 21072 --- [main] com.example.demo.DemoApplication         : Starting DemoApplication on XCAUA48Y4677PZT with PID 21072 (C:\Users\Administrator\IdeaProjects\demo\target\classes started by Administrator in C:\Users\Administrator\IdeaProjects\demo)
2020-03-15 15:48:24.158 DEBUG 21072 --- [main] com.example.demo.DemoApplication         : Running with Spring Boot v2.2.5.RELEASE, Spring v5.2.4.RELEASE
2020-03-15 15:48:24.162  INFO 21072 --- [main] com.example.demo.DemoApplication         : No active profile set, falling back to default profiles: default
2020-03-15 15:48:27.495  INFO 21072 --- [main] o.s.b.w.embedded.tomcat.TomcatWebServer  : Tomcat initialized with port(s): 8080 (http)
2020-03-15 15:48:27.510  INFO 21072 --- [main] o.apache.catalina.core.StandardService   : Starting service [Tomcat]
2020-03-15 15:48:27.511  INFO 21072 --- [main] org.apache.catalina.core.StandardEngine  : Starting Servlet engine: [Apache Tomcat/9.0.31]
2020-03-15 15:48:27.513  INFO 21072 --- [main] o.a.catalina.core.AprLifecycleListener   : Loaded APR based Apache Tomcat Native library [1.2.23] using APR version [1.7.0].
2020-03-15 15:48:27.513  INFO 21072 --- [main] o.a.catalina.core.AprLifecycleListener   : APR capabilities: IPv6 [true], sendfile [true], accept filters [false], random [true].
2020-03-15 15:48:27.514  INFO 21072 --- [main] o.a.catalina.core.AprLifecycleListener   : APR/OpenSSL configuration: useAprConnector [false], useOpenSSL [true]
2020-03-15 15:48:27.519  INFO 21072 --- [main] o.a.catalina.core.AprLifecycleListener   : OpenSSL successfully initialized [OpenSSL 1.1.1c  28 May 2019]
2020-03-15 15:48:27.698  INFO 21072 --- [main] o.a.c.c.C.[Tomcat].[localhost].[/test]   : Initializing Spring embedded WebApplicationContext
2020-03-15 15:48:27.698  INFO 21072 --- [main] o.s.web.context.ContextLoader            : Root WebApplicationContext: initialization completed in 3401 ms
2020-03-15 15:48:28.017  INFO 21072 --- [main] o.s.s.concurrent.ThreadPoolTaskExecutor  : Initializing ExecutorService 'applicationTaskExecutor'
2020-03-15 15:48:28.112  INFO 21072 --- [main] o.s.b.a.w.s.WelcomePageHandlerMapping    : Adding welcome page template: index
2020-03-15 15:48:28.396  INFO 21072 --- [main] o.s.b.w.embedded.tomcat.TomcatWebServer  : Tomcat started on port(s): 8080 (http) with context path '/test'
2020-03-15 15:48:28.406  INFO 21072 --- [main] com.example.demo.DemoApplication         : Started DemoApplication in 5.352 seconds (JVM running for 7.323)
2020-03-15 15:48:28.570  INFO 21072 --- [http-nio-8080-exec-1] o.a.c.c.C.[Tomcat].[localhost].[/test]   : Initializing Spring DispatcherServlet 'dispatcherServlet'
2020-03-15 15:48:28.571  INFO 21072 --- [http-nio-8080-exec-1] o.s.web.servlet.DispatcherServlet        : Initializing Servlet 'dispatcherServlet'
2020-03-15 15:48:28.613  INFO 21072 --- [http-nio-8080-exec-1] o.s.web.servlet.DispatcherServlet        : Completed initialization in 42 ms
2020-03-15 15:48:56.329  WARN 21072 --- [http-nio-8080-exec-2] .w.s.m.s.DefaultHandlerExceptionResolver : Resolved [org.springframework.validation.BindException: org.springframework.validation.BeanPropertyBindingResult: 1 errors
Field error in object 'employee' on field 'birth': rejected value [2016-12-10]; codes [typeMismatch.employee.birth,typeMismatch.birth,typeMismatch.java.util.Date,typeMismatch]; arguments [org.springframework.context.support.DefaultMessageSourceResolvable: codes [employee.birth,birth]; arguments []; default message [birth]]; default message [Failed to convert property value of type 'java.lang.String' to required type 'java.util.Date' for property 'birth'; nested exception is org.springframework.core.convert.ConversionFailedException: Failed to convert from type [java.lang.String] to type [java.util.Date] for value '2016-12-10'; nested exception is java.lang.IllegalArgumentException: Parse attempt failed for value [2016-12-10]]]
2020-03-15 15:49:18.762  WARN 21072 --- [http-nio-8080-exec-4] .w.s.m.s.DefaultHandlerExceptionResolver : Resolved [org.springframework.validation.BindException: org.springframework.validation.BeanPropertyBindingResult: 1 errors
Field error in object 'employee' on field 'birth': rejected value [2016-12-10]; codes [typeMismatch.employee.birth,typeMismatch.birth,typeMismatch.java.util.Date,typeMismatch]; arguments [org.springframework.context.support.DefaultMessageSourceResolvable: codes [employee.birth,birth]; arguments []; default message [birth]]; default message [Failed to convert property value of type 'java.lang.String' to required type 'java.util.Date' for property 'birth'; nested exception is org.springframework.core.convert.ConversionFailedException: Failed to convert from type [java.lang.String] to type [java.util.Date] for value '2016-12-10'; nested exception is java.lang.IllegalArgumentException: Parse attempt failed for value [2016-12-10]]]
2020-03-15 15:51:12.846  INFO 13516 --- [main] com.example.demo.DemoApplication         : Starting DemoApplication on XCAUA48Y4677PZT with PID 13516 (C:\Users\Administrator\IdeaProjects\demo\target\classes started by Administrator in C:\Users\Administrator\IdeaProjects\demo)
2020-03-15 15:51:12.851 DEBUG 13516 --- [main] com.example.demo.DemoApplication         : Running with Spring Boot v2.2.5.RELEASE, Spring v5.2.4.RELEASE
2020-03-15 15:51:12.852  INFO 13516 --- [main] com.example.demo.DemoApplication         : No active profile set, falling back to default profiles: default
2020-03-15 15:51:16.035  INFO 13516 --- [main] o.s.b.w.embedded.tomcat.TomcatWebServer  : Tomcat initialized with port(s): 8080 (http)
2020-03-15 15:51:16.053  INFO 13516 --- [main] o.apache.catalina.core.StandardService   : Starting service [Tomcat]
2020-03-15 15:51:16.054  INFO 13516 --- [main] org.apache.catalina.core.StandardEngine  : Starting Servlet engine: [Apache Tomcat/9.0.31]
2020-03-15 15:51:16.061  INFO 13516 --- [main] o.a.catalina.core.AprLifecycleListener   : Loaded APR based Apache Tomcat Native library [1.2.23] using APR version [1.7.0].
2020-03-15 15:51:16.061  INFO 13516 --- [main] o.a.catalina.core.AprLifecycleListener   : APR capabilities: IPv6 [true], sendfile [true], accept filters [false], random [true].
2020-03-15 15:51:16.063  INFO 13516 --- [main] o.a.catalina.core.AprLifecycleListener   : APR/OpenSSL configuration: useAprConnector [false], useOpenSSL [true]
2020-03-15 15:51:16.068  INFO 13516 --- [main] o.a.catalina.core.AprLifecycleListener   : OpenSSL successfully initialized [OpenSSL 1.1.1c  28 May 2019]
2020-03-15 15:51:16.311  INFO 13516 --- [main] o.a.c.c.C.[Tomcat].[localhost].[/test]   : Initializing Spring embedded WebApplicationContext
2020-03-15 15:51:16.313  INFO 13516 --- [main] o.s.web.context.ContextLoader            : Root WebApplicationContext: initialization completed in 3331 ms
2020-03-15 15:51:16.779  INFO 13516 --- [main] o.s.s.concurrent.ThreadPoolTaskExecutor  : Initializing ExecutorService 'applicationTaskExecutor'
2020-03-15 15:51:16.883  INFO 13516 --- [main] o.s.b.a.w.s.WelcomePageHandlerMapping    : Adding welcome page template: index
2020-03-15 15:51:17.102  INFO 13516 --- [main] o.s.b.w.embedded.tomcat.TomcatWebServer  : Tomcat started on port(s): 8080 (http) with context path '/test'
2020-03-15 15:51:17.110  INFO 13516 --- [main] com.example.demo.DemoApplication         : Started DemoApplication in 5.906 seconds (JVM running for 8.93)
2020-03-15 15:51:17.457  INFO 13516 --- [http-nio-8080-exec-1] o.a.c.c.C.[Tomcat].[localhost].[/test]   : Initializing Spring DispatcherServlet 'dispatcherServlet'
2020-03-15 15:51:17.458  INFO 13516 --- [http-nio-8080-exec-1] o.s.web.servlet.DispatcherServlet        : Initializing Servlet 'dispatcherServlet'
2020-03-15 15:51:17.472  INFO 13516 --- [http-nio-8080-exec-1] o.s.web.servlet.DispatcherServlet        : Completed initialization in 13 ms
2020-03-15 15:51:31.419  WARN 13516 --- [http-nio-8080-exec-5] .w.s.m.s.DefaultHandlerExceptionResolver : Resolved [org.springframework.validation.BindException: org.springframework.validation.BeanPropertyBindingResult: 1 errors
Field error in object 'employee' on field 'birth': rejected value [2020-03-15]; codes [typeMismatch.employee.birth,typeMismatch.birth,typeMismatch.java.util.Date,typeMismatch]; arguments [org.springframework.context.support.DefaultMessageSourceResolvable: codes [employee.birth,birth]; arguments []; default message [birth]]; default message [Failed to convert property value of type 'java.lang.String' to required type 'java.util.Date' for property 'birth'; nested exception is org.springframework.core.convert.ConversionFailedException: Failed to convert from type [java.lang.String] to type [java.util.Date] for value '2020-03-15'; nested exception is java.lang.IllegalArgumentException: Parse attempt failed for value [2020-03-15]]]
2020-03-15 16:30:11.553  WARN 13516 --- [http-nio-8080-exec-5] .w.s.m.s.DefaultHandlerExceptionResolver : Resolved [org.springframework.web.HttpRequestMethodNotSupportedException: Request method 'DELETE' not supported]
2020-03-15 16:35:19.178  INFO 17004 --- [main] com.example.demo.DemoApplication         : Starting DemoApplication on XCAUA48Y4677PZT with PID 17004 (C:\Users\Administrator\IdeaProjects\demo\target\classes started by Administrator in C:\Users\Administrator\IdeaProjects\demo)
2020-03-15 16:35:19.212 DEBUG 17004 --- [main] com.example.demo.DemoApplication         : Running with Spring Boot v2.2.5.RELEASE, Spring v5.2.4.RELEASE
2020-03-15 16:35:19.213  INFO 17004 --- [main] com.example.demo.DemoApplication         : No active profile set, falling back to default profiles: default
2020-03-15 16:35:23.169  INFO 17004 --- [main] o.s.b.w.embedded.tomcat.TomcatWebServer  : Tomcat initialized with port(s): 8080 (http)
2020-03-15 16:35:23.220  INFO 17004 --- [main] o.apache.catalina.core.StandardService   : Starting service [Tomcat]
2020-03-15 16:35:23.221  INFO 17004 --- [main] org.apache.catalina.core.StandardEngine  : Starting Servlet engine: [Apache Tomcat/9.0.31]
2020-03-15 16:35:23.223  INFO 17004 --- [main] o.a.catalina.core.AprLifecycleListener   : Loaded APR based Apache Tomcat Native library [1.2.23] using APR version [1.7.0].
2020-03-15 16:35:23.224  INFO 17004 --- [main] o.a.catalina.core.AprLifecycleListener   : APR capabilities: IPv6 [true], sendfile [true], accept filters [false], random [true].
2020-03-15 16:35:23.224  INFO 17004 --- [main] o.a.catalina.core.AprLifecycleListener   : APR/OpenSSL configuration: useAprConnector [false], useOpenSSL [true]
2020-03-15 16:35:23.249  INFO 17004 --- [main] o.a.catalina.core.AprLifecycleListener   : OpenSSL successfully initialized [OpenSSL 1.1.1c  28 May 2019]
2020-03-15 16:35:23.694  INFO 17004 --- [main] o.a.c.c.C.[Tomcat].[localhost].[/test]   : Initializing Spring embedded WebApplicationContext
2020-03-15 16:35:23.694  INFO 17004 --- [main] o.s.web.context.ContextLoader            : Root WebApplicationContext: initialization completed in 4140 ms
2020-03-15 16:35:24.608  INFO 17004 --- [main] o.s.s.concurrent.ThreadPoolTaskExecutor  : Initializing ExecutorService 'applicationTaskExecutor'
2020-03-15 16:35:24.807  INFO 17004 --- [main] o.s.b.a.w.s.WelcomePageHandlerMapping    : Adding welcome page template: index
2020-03-15 16:35:25.283  INFO 17004 --- [main] o.s.b.w.embedded.tomcat.TomcatWebServer  : Tomcat started on port(s): 8080 (http) with context path '/test'
2020-03-15 16:35:25.288  INFO 17004 --- [main] com.example.demo.DemoApplication         : Started DemoApplication in 8.977 seconds (JVM running for 14.391)
2020-03-15 16:35:25.835  INFO 17004 --- [http-nio-8080-exec-1] o.a.c.c.C.[Tomcat].[localhost].[/test]   : Initializing Spring DispatcherServlet 'dispatcherServlet'
2020-03-15 16:35:25.836  INFO 17004 --- [http-nio-8080-exec-1] o.s.web.servlet.DispatcherServlet        : Initializing Servlet 'dispatcherServlet'
2020-03-15 16:35:25.849  INFO 17004 --- [http-nio-8080-exec-1] o.s.web.servlet.DispatcherServlet        : Completed initialization in 13 ms
2020-03-15 16:35:35.544  WARN 17004 --- [http-nio-8080-exec-3] .w.s.m.s.DefaultHandlerExceptionResolver : Resolved [org.springframework.web.HttpRequestMethodNotSupportedException: Request method 'DELETE' not supported]
2020-03-15 16:41:30.998  WARN 17004 --- [http-nio-8080-exec-8] .w.s.m.s.DefaultHandlerExceptionResolver : Resolved [org.springframework.web.HttpRequestMethodNotSupportedException: Request method 'DELETE' not supported]
2020-03-15 16:44:23.887  INFO 10508 --- [main] com.example.demo.DemoApplication         : Starting DemoApplication on XCAUA48Y4677PZT with PID 10508 (C:\Users\Administrator\IdeaProjects\demo\target\classes started by Administrator in C:\Users\Administrator\IdeaProjects\demo)
2020-03-15 16:44:23.912 DEBUG 10508 --- [main] com.example.demo.DemoApplication         : Running with Spring Boot v2.2.5.RELEASE, Spring v5.2.4.RELEASE
2020-03-15 16:44:23.913  INFO 10508 --- [main] com.example.demo.DemoApplication         : No active profile set, falling back to default profiles: default
2020-03-15 16:44:27.664  INFO 10508 --- [main] o.s.b.w.embedded.tomcat.TomcatWebServer  : Tomcat initialized with port(s): 8080 (http)
2020-03-15 16:44:27.699  INFO 10508 --- [main] o.apache.catalina.core.StandardService   : Starting service [Tomcat]
2020-03-15 16:44:27.700  INFO 10508 --- [main] org.apache.catalina.core.StandardEngine  : Starting Servlet engine: [Apache Tomcat/9.0.31]
2020-03-15 16:44:27.703  INFO 10508 --- [main] o.a.catalina.core.AprLifecycleListener   : Loaded APR based Apache Tomcat Native library [1.2.23] using APR version [1.7.0].
2020-03-15 16:44:27.703  INFO 10508 --- [main] o.a.catalina.core.AprLifecycleListener   : APR capabilities: IPv6 [true], sendfile [true], accept filters [false], random [true].
2020-03-15 16:44:27.703  INFO 10508 --- [main] o.a.catalina.core.AprLifecycleListener   : APR/OpenSSL configuration: useAprConnector [false], useOpenSSL [true]
2020-03-15 16:44:27.728  INFO 10508 --- [main] o.a.catalina.core.AprLifecycleListener   : OpenSSL successfully initialized [OpenSSL 1.1.1c  28 May 2019]
2020-03-15 16:44:28.084  INFO 10508 --- [main] o.a.c.c.C.[Tomcat].[localhost].[/test]   : Initializing Spring embedded WebApplicationContext
2020-03-15 16:44:28.084  INFO 10508 --- [main] o.s.web.context.ContextLoader            : Root WebApplicationContext: initialization completed in 4010 ms
2020-03-15 16:44:28.702  INFO 10508 --- [main] o.s.s.concurrent.ThreadPoolTaskExecutor  : Initializing ExecutorService 'applicationTaskExecutor'
2020-03-15 16:44:29.117  INFO 10508 --- [main] o.s.b.a.w.s.WelcomePageHandlerMapping    : Adding welcome page template: index
2020-03-15 16:44:29.758  INFO 10508 --- [main] o.s.b.w.embedded.tomcat.TomcatWebServer  : Tomcat started on port(s): 8080 (http) with context path '/test'
2020-03-15 16:44:29.764  INFO 10508 --- [main] com.example.demo.DemoApplication         : Started DemoApplication in 7.533 seconds (JVM running for 10.163)
2020-03-15 16:44:43.482  INFO 10508 --- [http-nio-8080-exec-1] o.a.c.c.C.[Tomcat].[localhost].[/test]   : Initializing Spring DispatcherServlet 'dispatcherServlet'
2020-03-15 16:44:43.484  INFO 10508 --- [http-nio-8080-exec-1] o.s.web.servlet.DispatcherServlet        : Initializing Servlet 'dispatcherServlet'
2020-03-15 16:44:43.493  INFO 10508 --- [http-nio-8080-exec-1] o.s.web.servlet.DispatcherServlet        : Completed initialization in 9 ms
2020-03-15 16:44:50.782  WARN 10508 --- [http-nio-8080-exec-6] .w.s.m.s.DefaultHandlerExceptionResolver : Resolved [org.springframework.web.HttpRequestMethodNotSupportedException: Request method 'DELETE' not supported]
2020-03-15 16:46:24.728  INFO 21248 --- [main] com.example.demo.DemoApplication         : Starting DemoApplication on XCAUA48Y4677PZT with PID 21248 (C:\Users\Administrator\IdeaProjects\demo\target\classes started by Administrator in C:\Users\Administrator\IdeaProjects\demo)
2020-03-15 16:46:24.733 DEBUG 21248 --- [main] com.example.demo.DemoApplication         : Running with Spring Boot v2.2.5.RELEASE, Spring v5.2.4.RELEASE
2020-03-15 16:46:24.733  INFO 21248 --- [main] com.example.demo.DemoApplication         : No active profile set, falling back to default profiles: default
2020-03-15 16:46:27.323  INFO 21248 --- [main] o.s.b.w.embedded.tomcat.TomcatWebServer  : Tomcat initialized with port(s): 8080 (http)
2020-03-15 16:46:27.343  INFO 21248 --- [main] o.apache.catalina.core.StandardService   : Starting service [Tomcat]
2020-03-15 16:46:27.343  INFO 21248 --- [main] org.apache.catalina.core.StandardEngine  : Starting Servlet engine: [Apache Tomcat/9.0.31]
2020-03-15 16:46:27.346  INFO 21248 --- [main] o.a.catalina.core.AprLifecycleListener   : Loaded APR based Apache Tomcat Native library [1.2.23] using APR version [1.7.0].
2020-03-15 16:46:27.347  INFO 21248 --- [main] o.a.catalina.core.AprLifecycleListener   : APR capabilities: IPv6 [true], sendfile [true], accept filters [false], random [true].
2020-03-15 16:46:27.347  INFO 21248 --- [main] o.a.catalina.core.AprLifecycleListener   : APR/OpenSSL configuration: useAprConnector [false], useOpenSSL [true]
2020-03-15 16:46:27.353  INFO 21248 --- [main] o.a.catalina.core.AprLifecycleListener   : OpenSSL successfully initialized [OpenSSL 1.1.1c  28 May 2019]
2020-03-15 16:46:27.697  INFO 21248 --- [main] o.a.c.c.C.[Tomcat].[localhost].[/test]   : Initializing Spring embedded WebApplicationContext
2020-03-15 16:46:27.698  INFO 21248 --- [main] o.s.web.context.ContextLoader            : Root WebApplicationContext: initialization completed in 2866 ms
2020-03-15 16:46:28.092  INFO 21248 --- [main] o.s.s.concurrent.ThreadPoolTaskExecutor  : Initializing ExecutorService 'applicationTaskExecutor'
2020-03-15 16:46:28.241  INFO 21248 --- [main] o.s.b.a.w.s.WelcomePageHandlerMapping    : Adding welcome page template: index
2020-03-15 16:46:28.647  INFO 21248 --- [main] o.s.b.w.embedded.tomcat.TomcatWebServer  : Tomcat started on port(s): 8080 (http) with context path '/test'
2020-03-15 16:46:28.653  INFO 21248 --- [main] com.example.demo.DemoApplication         : Started DemoApplication in 4.87 seconds (JVM running for 6.955)
2020-03-15 16:46:31.821  INFO 21248 --- [http-nio-8080-exec-1] o.a.c.c.C.[Tomcat].[localhost].[/test]   : Initializing Spring DispatcherServlet 'dispatcherServlet'
2020-03-15 16:46:31.822  INFO 21248 --- [http-nio-8080-exec-1] o.s.web.servlet.DispatcherServlet        : Initializing Servlet 'dispatcherServlet'
2020-03-15 16:46:31.828  INFO 21248 --- [http-nio-8080-exec-1] o.s.web.servlet.DispatcherServlet        : Completed initialization in 6 ms
2020-03-15 16:46:37.774  WARN 21248 --- [http-nio-8080-exec-5] .w.s.m.s.DefaultHandlerExceptionResolver : Resolved [org.springframework.web.HttpRequestMethodNotSupportedException: Request method 'DELETE' not supported]
2020-03-15 16:46:48.274  WARN 21248 --- [http-nio-8080-exec-7] .w.s.m.s.DefaultHandlerExceptionResolver : Resolved [org.springframework.web.HttpRequestMethodNotSupportedException: Request method 'DELETE' not supported]
2020-03-15 16:47:42.050  WARN 21248 --- [http-nio-8080-exec-10] .w.s.m.s.DefaultHandlerExceptionResolver : Resolved [org.springframework.web.HttpRequestMethodNotSupportedException: Request method 'DELETE' not supported]
2020-03-15 16:50:38.417  WARN 21248 --- [http-nio-8080-exec-3] .w.s.m.s.DefaultHandlerExceptionResolver : Resolved [org.springframework.web.HttpRequestMethodNotSupportedException: Request method 'DELETE' not supported]
2020-03-15 16:50:47.508  WARN 21248 --- [http-nio-8080-exec-4] .w.s.m.s.DefaultHandlerExceptionResolver : Resolved [org.springframework.web.HttpRequestMethodNotSupportedException: Request method 'DELETE' not supported]
2020-03-15 16:55:20.095  WARN 21248 --- [http-nio-8080-exec-7] .w.s.m.s.DefaultHandlerExceptionResolver : Resolved [org.springframework.web.HttpRequestMethodNotSupportedException: Request method 'DELETE' not supported]
2020-03-15 17:05:52.734  WARN 21248 --- [http-nio-8080-exec-1] .w.s.m.s.DefaultHandlerExceptionResolver : Resolved [org.springframework.web.HttpRequestMethodNotSupportedException: Request method 'DELETE' not supported]
2020-03-15 17:15:28.121  INFO 20896 --- [main] com.example.demo.DemoApplication         : Starting DemoApplication on XCAUA48Y4677PZT with PID 20896 (C:\Users\Administrator\IdeaProjects\demo\target\classes started by Administrator in C:\Users\Administrator\IdeaProjects\demo)
2020-03-15 17:15:28.137 DEBUG 20896 --- [main] com.example.demo.DemoApplication         : Running with Spring Boot v2.2.5.RELEASE, Spring v5.2.4.RELEASE
2020-03-15 17:15:28.140  INFO 20896 --- [main] com.example.demo.DemoApplication         : No active profile set, falling back to default profiles: default
2020-03-15 17:15:31.311  INFO 20896 --- [main] o.s.b.w.embedded.tomcat.TomcatWebServer  : Tomcat initialized with port(s): 8080 (http)
2020-03-15 17:15:31.377  INFO 20896 --- [main] o.apache.catalina.core.StandardService   : Starting service [Tomcat]
2020-03-15 17:15:31.378  INFO 20896 --- [main] org.apache.catalina.core.StandardEngine  : Starting Servlet engine: [Apache Tomcat/9.0.31]
2020-03-15 17:15:31.381  INFO 20896 --- [main] o.a.catalina.core.AprLifecycleListener   : Loaded APR based Apache Tomcat Native library [1.2.23] using APR version [1.7.0].
2020-03-15 17:15:31.382  INFO 20896 --- [main] o.a.catalina.core.AprLifecycleListener   : APR capabilities: IPv6 [true], sendfile [true], accept filters [false], random [true].
2020-03-15 17:15:31.383  INFO 20896 --- [main] o.a.catalina.core.AprLifecycleListener   : APR/OpenSSL configuration: useAprConnector [false], useOpenSSL [true]
2020-03-15 17:15:31.407  INFO 20896 --- [main] o.a.catalina.core.AprLifecycleListener   : OpenSSL successfully initialized [OpenSSL 1.1.1c  28 May 2019]
2020-03-15 17:15:32.011  INFO 20896 --- [main] o.a.c.c.C.[Tomcat].[localhost].[/test]   : Initializing Spring embedded WebApplicationContext
2020-03-15 17:15:32.012  INFO 20896 --- [main] o.s.web.context.ContextLoader            : Root WebApplicationContext: initialization completed in 3678 ms
2020-03-15 17:15:33.001  INFO 20896 --- [main] o.s.s.concurrent.ThreadPoolTaskExecutor  : Initializing ExecutorService 'applicationTaskExecutor'
2020-03-15 17:15:33.166  INFO 20896 --- [main] o.s.b.a.w.s.WelcomePageHandlerMapping    : Adding welcome page template: index
2020-03-15 17:15:33.617  INFO 20896 --- [main] o.s.b.w.embedded.tomcat.TomcatWebServer  : Tomcat started on port(s): 8080 (http) with context path '/test'
2020-03-15 17:15:33.621  INFO 20896 --- [main] com.example.demo.DemoApplication         : Started DemoApplication in 7.228 seconds (JVM running for 10.111)
2020-03-15 17:16:28.889  INFO 20896 --- [http-nio-8080-exec-3] o.a.c.c.C.[Tomcat].[localhost].[/test]   : Initializing Spring DispatcherServlet 'dispatcherServlet'
2020-03-15 17:16:28.890  INFO 20896 --- [http-nio-8080-exec-3] o.s.web.servlet.DispatcherServlet        : Initializing Servlet 'dispatcherServlet'
2020-03-15 17:16:28.900  INFO 20896 --- [http-nio-8080-exec-3] o.s.web.servlet.DispatcherServlet        : Completed initialization in 10 ms
2020-03-15 17:18:13.297  INFO 10032 --- [main] com.example.demo.DemoApplication         : Starting DemoApplication on XCAUA48Y4677PZT with PID 10032 (C:\Users\Administrator\IdeaProjects\demo\target\classes started by Administrator in C:\Users\Administrator\IdeaProjects\demo)
2020-03-15 17:18:13.313 DEBUG 10032 --- [main] com.example.demo.DemoApplication         : Running with Spring Boot v2.2.5.RELEASE, Spring v5.2.4.RELEASE
2020-03-15 17:18:13.315  INFO 10032 --- [main] com.example.demo.DemoApplication         : No active profile set, falling back to default profiles: default
2020-03-15 17:18:17.511  INFO 10032 --- [main] o.s.b.w.embedded.tomcat.TomcatWebServer  : Tomcat initialized with port(s): 8080 (http)
2020-03-15 17:18:17.539  INFO 10032 --- [main] o.apache.catalina.core.StandardService   : Starting service [Tomcat]
2020-03-15 17:18:17.541  INFO 10032 --- [main] org.apache.catalina.core.StandardEngine  : Starting Servlet engine: [Apache Tomcat/9.0.31]
2020-03-15 17:18:17.544  INFO 10032 --- [main] o.a.catalina.core.AprLifecycleListener   : Loaded APR based Apache Tomcat Native library [1.2.23] using APR version [1.7.0].
2020-03-15 17:18:17.545  INFO 10032 --- [main] o.a.catalina.core.AprLifecycleListener   : APR capabilities: IPv6 [true], sendfile [true], accept filters [false], random [true].
2020-03-15 17:18:17.547  INFO 10032 --- [main] o.a.catalina.core.AprLifecycleListener   : APR/OpenSSL configuration: useAprConnector [false], useOpenSSL [true]
2020-03-15 17:18:17.558  INFO 10032 --- [main] o.a.catalina.core.AprLifecycleListener   : OpenSSL successfully initialized [OpenSSL 1.1.1c  28 May 2019]
2020-03-15 17:18:17.876  INFO 10032 --- [main] o.a.c.c.C.[Tomcat].[localhost].[/test]   : Initializing Spring embedded WebApplicationContext
2020-03-15 17:18:17.877  INFO 10032 --- [main] o.s.web.context.ContextLoader            : Root WebApplicationContext: initialization completed in 4298 ms
2020-03-15 17:18:18.557  INFO 10032 --- [main] o.s.s.concurrent.ThreadPoolTaskExecutor  : Initializing ExecutorService 'applicationTaskExecutor'
2020-03-15 17:18:18.931  INFO 10032 --- [main] o.s.b.a.w.s.WelcomePageHandlerMapping    : Adding welcome page template: index
2020-03-15 17:18:19.672  INFO 10032 --- [main] o.s.b.w.embedded.tomcat.TomcatWebServer  : Tomcat started on port(s): 8080 (http) with context path '/test'
2020-03-15 17:18:19.677  INFO 10032 --- [main] com.example.demo.DemoApplication         : Started DemoApplication in 7.86 seconds (JVM running for 10.321)
2020-03-15 17:18:24.636  INFO 10032 --- [http-nio-8080-exec-1] o.a.c.c.C.[Tomcat].[localhost].[/test]   : Initializing Spring DispatcherServlet 'dispatcherServlet'
2020-03-15 17:18:24.636  INFO 10032 --- [http-nio-8080-exec-1] o.s.web.servlet.DispatcherServlet        : Initializing Servlet 'dispatcherServlet'
2020-03-15 17:18:24.646  INFO 10032 --- [http-nio-8080-exec-1] o.s.web.servlet.DispatcherServlet        : Completed initialization in 9 ms
